#
# There is insufficient memory for the Java Runtime Environment to continue.
# Native memory allocation (malloc) failed to allocate 1257296 bytes for Chunk::new
# Possible reasons:
#   The system is out of physical RAM or swap space
#   The process is running with CompressedOops enabled, and the Java Heap may be blocking the growth of the native heap
# Possible solutions:
#   Reduce memory load on the system
#   Increase physical memory or swap space
#   Check if swap backing store is full
#   Decrease Java heap size (-Xmx/-Xms)
#   Decrease number of Java threads
#   Decrease Java thread stack sizes (-Xss)
#   Set larger code cache with -XX:ReservedCodeCacheSize=
#   JVM is running with Unscaled Compressed Oops mode in which the Java heap is
#     placed in the first 4GB address space. The Java Heap base address is the
#     maximum limit for the native heap growth. Please use -XX:HeapBaseMinAddress
#     to set the Java Heap base and to place the Java Heap above 4GB virtual address.
# This output file may be truncated or incomplete.
#
#  Out of Memory Error (arena.cpp:189), pid=30556, tid=18344
#
# JRE version: OpenJDK Runtime Environment (17.0.6) (build 17.0.6+0-b2043.56-10027231)
# Java VM: OpenJDK 64-Bit Server VM (17.0.6+0-b2043.56-10027231, mixed mode, tiered, compressed oops, compressed class ptrs, g1 gc, windows-amd64)
# No core dump will be written. Minidumps are not enabled by default on client versions of Windows
#

---------------  S U M M A R Y ------------

Command Line: --add-opens=java.base/java.util=ALL-UNNAMED --add-opens=java.base/java.lang=ALL-UNNAMED --add-opens=java.base/java.lang.invoke=ALL-UNNAMED --add-opens=java.prefs/java.util.prefs=ALL-UNNAMED --add-opens=java.base/java.nio.charset=ALL-UNNAMED --add-opens=java.base/java.net=ALL-UNNAMED --add-opens=java.base/java.util.concurrent.atomic=ALL-UNNAMED -Xmx2048m -Dfile.encoding=UTF-8 -Duser.country=US -Duser.language=en -Duser.variant org.gradle.launcher.daemon.bootstrap.GradleDaemon 8.0

Host: AMD Ryzen 7 4800H with Radeon Graphics         , 16 cores, 7G,  Windows 10 , 64 bit Build 19041 (10.0.19041.3636)
Time: Fri Dec 15 01:21:04 2023 Bangladesh Standard Time elapsed time: 7007.096949 seconds (0d 1h 56m 47s)

---------------  T H R E A D  ---------------

Current thread (0x000001f3098540b0):  JavaThread "C2 CompilerThread0" daemon [_thread_in_native, id=18344, stack(0x0000000135c00000,0x0000000135d00000)]


Current CompileTask:
C2:7007097 41280   !   4       org.gradle.api.internal.tasks.execution.FinalizePropertiesTaskExecuter::execute (168 bytes)

Stack: [0x0000000135c00000,0x0000000135d00000]
Native frames: (J=compiled Java code, j=interpreted, Vv=VM code, C=native code)
V  [jvm.dll+0x683c9a]
V  [jvm.dll+0x8427a4]
V  [jvm.dll+0x843f9e]
V  [jvm.dll+0x844603]
V  [jvm.dll+0x249b75]
V  [jvm.dll+0xabcac]
V  [jvm.dll+0xac27c]
V  [jvm.dll+0x368802]
V  [jvm.dll+0x332f31]
V  [jvm.dll+0x3323da]
V  [jvm.dll+0x21c201]
V  [jvm.dll+0x21b621]
V  [jvm.dll+0x1a4fdd]
V  [jvm.dll+0x22b098]
V  [jvm.dll+0x229159]
V  [jvm.dll+0x7f81ec]
V  [jvm.dll+0x7f274a]
V  [jvm.dll+0x682ad5]
C  [ucrtbase.dll+0x21bb2]
C  [KERNEL32.DLL+0x17344]
C  [ntdll.dll+0x526b1]


---------------  P R O C E S S  ---------------

Threads class SMR info:
_java_thread_list=0x000001f311163b40, length=240, elements={
0x000001f2ac33dfc0, 0x000001f3098110f0, 0x000001f309811bc0, 0x000001f2c89bb090,
0x000001f2c89bea70, 0x000001f3098523f0, 0x000001f309852cb0, 0x000001f3098540b0,
0x000001f309854a60, 0x000001f309859de0, 0x000001f3099fd1e0, 0x000001f3099ff6c0,
0x000001f30a92f750, 0x000001f30b3a1620, 0x000001f30b24acb0, 0x000001f30b3a0810,
0x000001f30b39d320, 0x000001f30b39eb30, 0x000001f30b3a0340, 0x000001f30b39ce50,
0x000001f30d0ceec0, 0x000001f30d0d3220, 0x000001f30d0d36f0, 0x000001f30d0d23b0,
0x000001f30d0d3bc0, 0x000001f30d0d1ee0, 0x000001f30d0d2d50, 0x000001f30d0ce9f0,
0x000001f30d3ba3f0, 0x000001f30d3b8be0, 0x000001f30d3bad90, 0x000001f30d3b90b0,
0x000001f30d3b9a50, 0x000001f30d3ba8c0, 0x000001f30d3bb260, 0x000001f30d3bb730,
0x000001f30cd339e0, 0x000001f30c350af0, 0x000001f30c353b10, 0x000001f30c352300,
0x000001f315e098d0, 0x000001f30c355320, 0x000001f315e06d80, 0x000001f31641e1a0,
0x000001f3167d5050, 0x000001f31641dcd0, 0x000001f30ec8ac50, 0x000001f310eff4c0,
0x000001f30c30ad30, 0x000001f30ecd24e0, 0x000001f30bf413a0, 0x000001f31641d330,
0x000001f31641eb40, 0x000001f30eddc390, 0x000001f30edd9d10, 0x000001f30eddd6d0,
0x000001f30eddc860, 0x000001f30eddbec0, 0x000001f30edda1e0, 0x000001f30edda6b0,
0x000001f319913820, 0x000001f30cd36530, 0x000001f30cd30020, 0x000001f30cd33040,
0x000001f30cd37870, 0x000001f30cd31360, 0x000001f30c30ca10, 0x000001f30c30b6d0,
0x000001f30c30a860, 0x000001f30c30cee0, 0x000001f30c30bba0, 0x000001f30c30c070,
0x000001f30c30b200, 0x000001f30c30c540, 0x000001f30c3099f0, 0x000001f30c309ec0,
0x000001f3199141c0, 0x000001f319914690, 0x000001f319911b40, 0x000001f3199124e0,
0x000001f3199129b0, 0x000001f3198a34b0, 0x000001f3198a2170, 0x000001f3198a3980,
0x000001f3198a2640, 0x000001f3198a2b10, 0x000001f30bf41870, 0x000001f30d6dec30,
0x000001f30d6e0de0, 0x000001f30d6e1780, 0x000001f30d6df5d0, 0x000001f30d6dfaa0,
0x000001f30d6dff70, 0x000001f30d6e0910, 0x000001f30d6dddc0, 0x000001f30d6e12b0,
0x000001f30d6de290, 0x000001f30d6de760, 0x000001f3167d46b0, 0x000001f31377bfc0,
0x000001f31377c490, 0x000001f31377baf0, 0x000001f31377ac80, 0x000001f31377b620,
0x000001f30bf42540, 0x000001f30bf45090, 0x000001f30bf45560, 0x000001f30bf43880,
0x000001f30bf45a30, 0x000001f30bf45f00, 0x000001f30bf42a10, 0x000001f30bf43d50,
0x000001f30bf44bc0, 0x000001f30bf42ee0, 0x000001f30bf433b0, 0x000001f30bf44220,
0x000001f30bf446f0, 0x000001f30bedcb20, 0x000001f30bede330, 0x000001f30bede800,
0x000001f30bedc650, 0x000001f30bedd4c0, 0x000001f30bedcff0, 0x000001f30bedecd0,
0x000001f30bedf1a0, 0x000001f30bedf670, 0x000001f30bedd990, 0x000001f30bedfb40,
0x000001f30bedc180, 0x000001f30bedde60, 0x000001f30c794b80, 0x000001f30c792ea0,
0x000001f30c793370, 0x000001f30c795050, 0x000001f30c7946b0, 0x000001f30c792030,
0x000001f30c795520, 0x000001f30c7959f0, 0x000001f30c793d10, 0x000001f30c792500,
0x000001f30c7941e0, 0x000001f30c7929d0, 0x000001f30c793840, 0x000001f30ac453c0,
0x000001f30ac45890, 0x000001f30ac44080, 0x000001f30ac44550, 0x000001f30ac44ef0,
0x000001f30d0ed240, 0x000001f30d0ebf00, 0x000001f30d0ec8a0, 0x000001f30d0ec3d0,
0x000001f30d0ed710, 0x000001f30d0ecd70, 0x000001f30ac44a20, 0x000001f3160d5ba0,
0x000001f3160d6070, 0x000001f3160d6540, 0x000001f3160d6a10, 0x000001f3160d5200,
0x000001f30c30a390, 0x000001f313779610, 0x000001f313779140, 0x000001f313779ae0,
0x000001f3164ae850, 0x000001f3164afb90, 0x000001f3164aed20, 0x000001f313779fb0,
0x000001f3166dc480, 0x000001f315e08f30, 0x000001f30bf41d40, 0x000001f30bf40ed0,
0x000001f30bf40530, 0x000001f316499390, 0x000001f30cd31830, 0x000001f30cd34380,
0x000001f30cd33510, 0x000001f30cd31d00, 0x000001f30cd33eb0, 0x000001f30cd351f0,
0x000001f30cd326a0, 0x000001f30cd356c0, 0x000001f30cd35b90, 0x000001f3167d4b80,
0x000001f3167d3d10, 0x000001f3167d2500, 0x000001f3167d41e0, 0x000001f30bf40a00,
0x000001f3116fbef0, 0x000001f31641d800, 0x000001f31641f010, 0x000001f31641f4e0,
0x000001f3164af1f0, 0x000001f3164af6c0, 0x000001f30ecd1b40, 0x000001f30ecd5030,
0x000001f30ecd5500, 0x000001f30ecd3350, 0x000001f30ecd2010, 0x000001f30ecd2e80,
0x000001f30ecd3820, 0x000001f30ecd3cf0, 0x000001f30ecd4690, 0x000001f30d46c2d0,
0x000001f30d46c7a0, 0x000001f30d46cc70, 0x000001f30cd36060, 0x000001f30cd304f0,
0x000001f30cd36a00, 0x000001f30cd36ed0, 0x000001f30d46d140, 0x000001f30d46b930,
0x000001f30d46be00, 0x000001f319810f80, 0x000001f319811450, 0x000001f3198105e0,
0x000001f319810ab0, 0x000001f31980fc40, 0x000001f319810110, 0x000001f30a99ce50,
0x000001f30a99c4b0, 0x000001f30a99dcc0, 0x000001f30a99d320, 0x000001f30a99d7f0,
0x000001f30a99c980, 0x000001f31649a200, 0x000001f3164989f0, 0x000001f3164976b0,
0x000001f316498520, 0x000001f316496840, 0x000001f316496d10, 0x000001f3164971e0,
0x000001f316497b80, 0x000001f3160d10e0, 0x000001f3160cf8d0, 0x000001f319be4f90,
0x000001f319be5460, 0x000001f319be5930, 0x000001f319be5e00, 0x000001f319be62d0
}

Java Threads: ( => current thread )
  0x000001f2ac33dfc0 JavaThread "main" [_thread_blocked, id=7404, stack(0x0000000134f00000,0x0000000135000000)]
  0x000001f3098110f0 JavaThread "Reference Handler" daemon [_thread_blocked, id=17652, stack(0x0000000135600000,0x0000000135700000)]
  0x000001f309811bc0 JavaThread "Finalizer" daemon [_thread_blocked, id=24016, stack(0x0000000135700000,0x0000000135800000)]
  0x000001f2c89bb090 JavaThread "Signal Dispatcher" daemon [_thread_blocked, id=11588, stack(0x0000000135800000,0x0000000135900000)]
  0x000001f2c89bea70 JavaThread "Attach Listener" daemon [_thread_blocked, id=24440, stack(0x0000000135900000,0x0000000135a00000)]
  0x000001f3098523f0 JavaThread "Service Thread" daemon [_thread_blocked, id=15100, stack(0x0000000135a00000,0x0000000135b00000)]
  0x000001f309852cb0 JavaThread "Monitor Deflation Thread" daemon [_thread_blocked, id=15124, stack(0x0000000135b00000,0x0000000135c00000)]
=>0x000001f3098540b0 JavaThread "C2 CompilerThread0" daemon [_thread_in_native, id=18344, stack(0x0000000135c00000,0x0000000135d00000)]
  0x000001f309854a60 JavaThread "C1 CompilerThread0" daemon [_thread_blocked, id=18340, stack(0x0000000135d00000,0x0000000135e00000)]
  0x000001f309859de0 JavaThread "Sweeper thread" daemon [_thread_blocked, id=18528, stack(0x0000000135e00000,0x0000000135f00000)]
  0x000001f3099fd1e0 JavaThread "Common-Cleaner" daemon [_thread_blocked, id=18876, stack(0x0000000136000000,0x0000000136100000)]
  0x000001f3099ff6c0 JavaThread "Notification Thread" daemon [_thread_blocked, id=18804, stack(0x0000000136100000,0x0000000136200000)]
  0x000001f30a92f750 JavaThread "Daemon health stats" [_thread_blocked, id=13760, stack(0x0000000136b00000,0x0000000136c00000)]
  0x000001f30b3a1620 JavaThread "Incoming local TCP Connector on port 1865" [_thread_in_native, id=19420, stack(0x0000000136c00000,0x0000000136d00000)]
  0x000001f30b24acb0 JavaThread "Daemon periodic checks" [_thread_blocked, id=21476, stack(0x0000000136d00000,0x0000000136e00000)]
  0x000001f30b3a0810 JavaThread "Cache worker for journal cache (C:\caches\journal-1)" [_thread_blocked, id=8476, stack(0x0000000137e00000,0x0000000137f00000)]
  0x000001f30b39d320 JavaThread "File lock request listener" [_thread_in_native, id=13068, stack(0x0000000137f00000,0x0000000138000000)]
  0x000001f30b39eb30 JavaThread "Cache worker for file hash cache (C:\caches\8.0\fileHashes)" [_thread_blocked, id=2440, stack(0x0000000138000000,0x0000000138100000)]
  0x000001f30b3a0340 JavaThread "File watcher server" daemon [_thread_in_native, id=10496, stack(0x0000000138200000,0x0000000138300000)]
  0x000001f30b39ce50 JavaThread "File watcher consumer" daemon [_thread_blocked, id=32664, stack(0x0000000138300000,0x0000000138400000)]
  0x000001f30d0ceec0 JavaThread "Cache worker for file content cache (C:\caches\8.0\fileContent)" [_thread_blocked, id=30636, stack(0x0000000138600000,0x0000000138700000)]
  0x000001f30d0d3220 JavaThread "Cache worker for execution history cache (C:\caches\8.0\executionHistory)" [_thread_blocked, id=12692, stack(0x0000000138900000,0x0000000138a00000)]
  0x000001f30d0d36f0 JavaThread "jar transforms" [_thread_blocked, id=8516, stack(0x0000000138a00000,0x0000000138b00000)]
  0x000001f30d0d23b0 JavaThread "jar transforms Thread 2" [_thread_blocked, id=4676, stack(0x0000000138b00000,0x0000000138c00000)]
  0x000001f30d0d3bc0 JavaThread "Cache worker for kotlin-dsl (C:\caches\8.0\kotlin-dsl)" [_thread_blocked, id=12464, stack(0x0000000138c00000,0x0000000138d00000)]
  0x000001f30d0d1ee0 JavaThread "jar transforms Thread 3" [_thread_blocked, id=23980, stack(0x0000000138d00000,0x0000000138e00000)]
  0x000001f30d0d2d50 JavaThread "jar transforms Thread 4" [_thread_blocked, id=12540, stack(0x0000000138e00000,0x0000000138f00000)]
  0x000001f30d0ce9f0 JavaThread "jar transforms Thread 5" [_thread_blocked, id=16800, stack(0x0000000139000000,0x0000000139100000)]
  0x000001f30d3ba3f0 JavaThread "jar transforms Thread 6" [_thread_blocked, id=17208, stack(0x0000000140e00000,0x0000000140f00000)]
  0x000001f30d3b8be0 JavaThread "jar transforms Thread 7" [_thread_blocked, id=11044, stack(0x0000000140f00000,0x0000000141000000)]
  0x000001f30d3bad90 JavaThread "jar transforms Thread 8" [_thread_blocked, id=31640, stack(0x0000000141000000,0x0000000141100000)]
  0x000001f30d3b90b0 JavaThread "jar transforms Thread 9" [_thread_blocked, id=11752, stack(0x0000000141100000,0x0000000141200000)]
  0x000001f30d3b9a50 JavaThread "jar transforms Thread 10" [_thread_blocked, id=22348, stack(0x0000000141200000,0x0000000141300000)]
  0x000001f30d3ba8c0 JavaThread "jar transforms Thread 11" [_thread_blocked, id=24044, stack(0x0000000141300000,0x0000000141400000)]
  0x000001f30d3bb260 JavaThread "jar transforms Thread 12" [_thread_blocked, id=30152, stack(0x0000000141400000,0x0000000141500000)]
  0x000001f30d3bb730 JavaThread "jar transforms Thread 13" [_thread_blocked, id=17064, stack(0x0000000141500000,0x0000000141600000)]
  0x000001f30cd339e0 JavaThread "jar transforms Thread 14" [_thread_blocked, id=23328, stack(0x0000000141600000,0x0000000141700000)]
  0x000001f30c350af0 JavaThread "jar transforms Thread 15" [_thread_blocked, id=23080, stack(0x0000000141700000,0x0000000141800000)]
  0x000001f30c353b10 JavaThread "jar transforms Thread 16" [_thread_blocked, id=2848, stack(0x0000000141800000,0x0000000141900000)]
  0x000001f30c352300 JavaThread "Memory manager" [_thread_blocked, id=1644, stack(0x0000000141b00000,0x0000000141c00000)]
  0x000001f315e098d0 JavaThread "Cache worker for Java compile cache (C:\caches\8.0\javaCompile)" [_thread_blocked, id=13636, stack(0x0000000144b00000,0x0000000144c00000)]
  0x000001f30c355320 JavaThread "ForkJoinPool.commonPool-worker-84" daemon [_thread_blocked, id=33520, stack(0x0000000146e00000,0x0000000146f00000)]
  0x000001f315e06d80 JavaThread "ForkJoinPool.commonPool-worker-88" daemon [_thread_blocked, id=13572, stack(0x0000000147300000,0x0000000147400000)]
  0x000001f31641e1a0 JavaThread "ForkJoinPool.commonPool-worker-90" daemon [_thread_blocked, id=18296, stack(0x0000000147500000,0x0000000147600000)]
  0x000001f3167d5050 JavaThread "ForkJoinPool.commonPool-worker-91" daemon [_thread_blocked, id=23484, stack(0x0000000147600000,0x0000000147700000)]
  0x000001f31641dcd0 JavaThread "ForkJoinPool.commonPool-worker-93" daemon [_thread_blocked, id=10220, stack(0x0000000147800000,0x0000000147900000)]
  0x000001f30ec8ac50 JavaThread "ForkJoinPool.commonPool-worker-95" daemon [_thread_blocked, id=19620, stack(0x0000000147900000,0x0000000147a00000)]
  0x000001f310eff4c0 JavaThread "ForkJoinPool.commonPool-worker-98" daemon [_thread_blocked, id=1308, stack(0x0000000147200000,0x0000000147300000)]
  0x000001f30c30ad30 JavaThread "Daemon Thread 28" [_thread_blocked, id=23540, stack(0x0000000134c00000,0x0000000134d00000)]
  0x000001f30ecd24e0 JavaThread "Daemon worker Thread 28" [_thread_blocked, id=27456, stack(0x0000000135f00000,0x0000000136000000)]
  0x000001f30bf413a0 JavaThread "included builds" [_thread_blocked, id=31608, stack(0x0000000140800000,0x0000000140900000)]
  0x000001f31641d330 JavaThread "Handler for socket connection from /127.0.0.1:1865 to /127.0.0.1:5048" [_thread_in_native, id=12360, stack(0x0000000134d00000,0x0000000134e00000)]
  0x000001f31641eb40 JavaThread "Cancel handler" [_thread_blocked, id=16056, stack(0x0000000134e00000,0x0000000134f00000)]
  0x000001f30eddc390 JavaThread "Asynchronous log dispatcher for DefaultDaemonConnection: socket connection from /127.0.0.1:1865 to /127.0.0.1:5048" [_thread_blocked, id=22136, stack(0x0000000136300000,0x0000000136400000)]
  0x000001f30edd9d10 JavaThread "Stdin handler" [_thread_blocked, id=19652, stack(0x0000000136500000,0x0000000136600000)]
  0x000001f30eddd6d0 JavaThread "Daemon client event forwarder" [_thread_blocked, id=25820, stack(0x0000000136600000,0x0000000136700000)]
  0x000001f30eddc860 JavaThread "Cache worker for checksums cache (E:\CrazyGolf\.gradle\8.0\checksums)" [_thread_blocked, id=1688, stack(0x0000000136e00000,0x0000000136f00000)]
  0x000001f30eddbec0 JavaThread "Cache worker for cache directory md-rule (C:\caches\8.0\md-rule)" [_thread_blocked, id=17288, stack(0x0000000136f00000,0x0000000137000000)]
  0x000001f30edda1e0 JavaThread "Cache worker for file hash cache (E:\CrazyGolf\.gradle\8.0\fileHashes)" [_thread_blocked, id=29160, stack(0x0000000137000000,0x0000000137100000)]
  0x000001f30edda6b0 JavaThread "Cache worker for cache directory md-supplier (C:\caches\8.0\md-supplier)" [_thread_blocked, id=18612, stack(0x0000000137100000,0x0000000137200000)]
  0x000001f319913820 JavaThread "Cache worker for dependencies-accessors (E:\CrazyGolf\.gradle\8.0\dependencies-accessors)" [_thread_blocked, id=20192, stack(0x0000000137200000,0x0000000137300000)]
  0x000001f30cd36530 JavaThread "Cache worker for Build Output Cleanup Cache (E:\CrazyGolf\.gradle\buildOutputCleanup)" [_thread_blocked, id=11980, stack(0x0000000137300000,0x0000000137400000)]
  0x000001f30cd30020 JavaThread "Unconstrained build operations" [_thread_blocked, id=29060, stack(0x0000000137400000,0x0000000137500000)]
  0x000001f30cd33040 JavaThread "Unconstrained build operations Thread 2" [_thread_blocked, id=29900, stack(0x0000000138100000,0x0000000138200000)]
  0x000001f30cd37870 JavaThread "Unconstrained build operations Thread 3" [_thread_blocked, id=27404, stack(0x0000000138400000,0x0000000138500000)]
  0x000001f30cd31360 JavaThread "Unconstrained build operations Thread 4" [_thread_blocked, id=28956, stack(0x0000000138500000,0x0000000138600000)]
  0x000001f30c30ca10 JavaThread "Unconstrained build operations Thread 5" [_thread_blocked, id=33568, stack(0x0000000138700000,0x0000000138800000)]
  0x000001f30c30b6d0 JavaThread "Unconstrained build operations Thread 6" [_thread_blocked, id=10564, stack(0x0000000138800000,0x0000000138900000)]
  0x000001f30c30a860 JavaThread "Unconstrained build operations Thread 7" [_thread_blocked, id=22464, stack(0x0000000138f00000,0x0000000139000000)]
  0x000001f30c30cee0 JavaThread "Unconstrained build operations Thread 8" [_thread_blocked, id=27608, stack(0x0000000139100000,0x0000000139200000)]
  0x000001f30c30bba0 JavaThread "Unconstrained build operations Thread 9" [_thread_blocked, id=32764, stack(0x0000000139200000,0x0000000139300000)]
  0x000001f30c30c070 JavaThread "Unconstrained build operations Thread 10" [_thread_blocked, id=1824, stack(0x0000000139300000,0x0000000139400000)]
  0x000001f30c30b200 JavaThread "Unconstrained build operations Thread 11" [_thread_blocked, id=24824, stack(0x0000000139400000,0x0000000139500000)]
  0x000001f30c30c540 JavaThread "Unconstrained build operations Thread 12" [_thread_blocked, id=16856, stack(0x0000000139500000,0x0000000139600000)]
  0x000001f30c3099f0 JavaThread "Unconstrained build operations Thread 13" [_thread_blocked, id=17968, stack(0x0000000139600000,0x0000000139700000)]
  0x000001f30c309ec0 JavaThread "Unconstrained build operations Thread 14" [_thread_blocked, id=17004, stack(0x0000000139700000,0x0000000139800000)]
  0x000001f3199141c0 JavaThread "Unconstrained build operations Thread 15" [_thread_blocked, id=24540, stack(0x0000000139800000,0x0000000139900000)]
  0x000001f319914690 JavaThread "Unconstrained build operations Thread 16" [_thread_blocked, id=24456, stack(0x0000000139900000,0x0000000139a00000)]
  0x000001f319911b40 JavaThread "Unconstrained build operations Thread 17" [_thread_blocked, id=31072, stack(0x0000000139a00000,0x0000000139b00000)]
  0x000001f3199124e0 JavaThread "Unconstrained build operations Thread 18" [_thread_blocked, id=14008, stack(0x0000000139b00000,0x0000000139c00000)]
  0x000001f3199129b0 JavaThread "Unconstrained build operations Thread 19" [_thread_blocked, id=14732, stack(0x0000000139c00000,0x0000000139d00000)]
  0x000001f3198a34b0 JavaThread "Unconstrained build operations Thread 20" [_thread_blocked, id=25728, stack(0x0000000139d00000,0x0000000139e00000)]
  0x000001f3198a2170 JavaThread "Unconstrained build operations Thread 21" [_thread_blocked, id=33092, stack(0x0000000139e00000,0x0000000139f00000)]
  0x000001f3198a3980 JavaThread "Unconstrained build operations Thread 22" [_thread_blocked, id=15392, stack(0x0000000139f00000,0x000000013a000000)]
  0x000001f3198a2640 JavaThread "Unconstrained build operations Thread 23" [_thread_blocked, id=3808, stack(0x000000013a000000,0x000000013a100000)]
  0x000001f3198a2b10 JavaThread "Unconstrained build operations Thread 24" [_thread_blocked, id=5276, stack(0x000000013a100000,0x000000013a200000)]
  0x000001f30bf41870 JavaThread "Unconstrained build operations Thread 25" [_thread_blocked, id=13336, stack(0x000000013a200000,0x000000013a300000)]
  0x000001f30d6dec30 JavaThread "Unconstrained build operations Thread 26" [_thread_blocked, id=1784, stack(0x000000013a300000,0x000000013a400000)]
  0x000001f30d6e0de0 JavaThread "Unconstrained build operations Thread 27" [_thread_blocked, id=4016, stack(0x000000013a400000,0x000000013a500000)]
  0x000001f30d6e1780 JavaThread "Unconstrained build operations Thread 28" [_thread_blocked, id=14988, stack(0x000000013a500000,0x000000013a600000)]
  0x000001f30d6df5d0 JavaThread "Unconstrained build operations Thread 29" [_thread_blocked, id=22964, stack(0x000000013a600000,0x000000013a700000)]
  0x000001f30d6dfaa0 JavaThread "Unconstrained build operations Thread 30" [_thread_blocked, id=9540, stack(0x000000013a700000,0x000000013a800000)]
  0x000001f30d6dff70 JavaThread "Unconstrained build operations Thread 31" [_thread_blocked, id=21544, stack(0x000000013a800000,0x000000013a900000)]
  0x000001f30d6e0910 JavaThread "Unconstrained build operations Thread 32" [_thread_blocked, id=16712, stack(0x000000013a900000,0x000000013aa00000)]
  0x000001f30d6dddc0 JavaThread "Unconstrained build operations Thread 33" [_thread_blocked, id=20260, stack(0x000000013aa00000,0x000000013ab00000)]
  0x000001f30d6e12b0 JavaThread "Unconstrained build operations Thread 34" [_thread_blocked, id=11632, stack(0x000000013ab00000,0x000000013ac00000)]
  0x000001f30d6de290 JavaThread "Unconstrained build operations Thread 35" [_thread_blocked, id=26144, stack(0x000000013ac00000,0x000000013ad00000)]
  0x000001f30d6de760 JavaThread "Unconstrained build operations Thread 36" [_thread_blocked, id=27152, stack(0x000000013ad00000,0x000000013ae00000)]
  0x000001f3167d46b0 JavaThread "Unconstrained build operations Thread 37" [_thread_blocked, id=19836, stack(0x000000013ae00000,0x000000013af00000)]
  0x000001f31377bfc0 JavaThread "Unconstrained build operations Thread 38" [_thread_blocked, id=20724, stack(0x000000013af00000,0x000000013b000000)]
  0x000001f31377c490 JavaThread "Unconstrained build operations Thread 39" [_thread_blocked, id=29852, stack(0x000000013b000000,0x000000013b100000)]
  0x000001f31377baf0 JavaThread "Unconstrained build operations Thread 40" [_thread_blocked, id=25948, stack(0x000000013b100000,0x000000013b200000)]
  0x000001f31377ac80 JavaThread "Unconstrained build operations Thread 41" [_thread_blocked, id=15292, stack(0x000000013b200000,0x000000013b300000)]
  0x000001f31377b620 JavaThread "Unconstrained build operations Thread 42" [_thread_blocked, id=7772, stack(0x000000013b300000,0x000000013b400000)]
  0x000001f30bf42540 JavaThread "Unconstrained build operations Thread 43" [_thread_blocked, id=6064, stack(0x000000013b400000,0x000000013b500000)]
  0x000001f30bf45090 JavaThread "Unconstrained build operations Thread 44" [_thread_blocked, id=11404, stack(0x000000013b500000,0x000000013b600000)]
  0x000001f30bf45560 JavaThread "Unconstrained build operations Thread 45" [_thread_blocked, id=3188, stack(0x000000013b600000,0x000000013b700000)]
  0x000001f30bf43880 JavaThread "Unconstrained build operations Thread 46" [_thread_blocked, id=16260, stack(0x000000013b700000,0x000000013b800000)]
  0x000001f30bf45a30 JavaThread "Unconstrained build operations Thread 47" [_thread_blocked, id=14204, stack(0x000000013b800000,0x000000013b900000)]
  0x000001f30bf45f00 JavaThread "Unconstrained build operations Thread 48" [_thread_blocked, id=2008, stack(0x000000013b900000,0x000000013ba00000)]
  0x000001f30bf42a10 JavaThread "Unconstrained build operations Thread 49" [_thread_blocked, id=13320, stack(0x000000013ba00000,0x000000013bb00000)]
  0x000001f30bf43d50 JavaThread "Unconstrained build operations Thread 50" [_thread_blocked, id=24704, stack(0x000000013bb00000,0x000000013bc00000)]
  0x000001f30bf44bc0 JavaThread "Unconstrained build operations Thread 51" [_thread_blocked, id=17812, stack(0x000000013bc00000,0x000000013bd00000)]
  0x000001f30bf42ee0 JavaThread "Unconstrained build operations Thread 52" [_thread_blocked, id=33652, stack(0x000000013bd00000,0x000000013be00000)]
  0x000001f30bf433b0 JavaThread "Unconstrained build operations Thread 53" [_thread_blocked, id=30312, stack(0x000000013be00000,0x000000013bf00000)]
  0x000001f30bf44220 JavaThread "Unconstrained build operations Thread 54" [_thread_blocked, id=12416, stack(0x000000013bf00000,0x000000013c000000)]
  0x000001f30bf446f0 JavaThread "Unconstrained build operations Thread 55" [_thread_blocked, id=16332, stack(0x000000013c000000,0x000000013c100000)]
  0x000001f30bedcb20 JavaThread "Unconstrained build operations Thread 56" [_thread_blocked, id=16344, stack(0x000000013c100000,0x000000013c200000)]
  0x000001f30bede330 JavaThread "Unconstrained build operations Thread 57" [_thread_blocked, id=30388, stack(0x000000013c200000,0x000000013c300000)]
  0x000001f30bede800 JavaThread "Unconstrained build operations Thread 58" [_thread_blocked, id=3332, stack(0x000000013c300000,0x000000013c400000)]
  0x000001f30bedc650 JavaThread "Unconstrained build operations Thread 59" [_thread_blocked, id=18388, stack(0x000000013c400000,0x000000013c500000)]
  0x000001f30bedd4c0 JavaThread "Unconstrained build operations Thread 60" [_thread_blocked, id=9676, stack(0x000000013c500000,0x000000013c600000)]
  0x000001f30bedcff0 JavaThread "Unconstrained build operations Thread 61" [_thread_blocked, id=31052, stack(0x000000013c600000,0x000000013c700000)]
  0x000001f30bedecd0 JavaThread "Unconstrained build operations Thread 62" [_thread_blocked, id=15072, stack(0x000000013c700000,0x000000013c800000)]
  0x000001f30bedf1a0 JavaThread "Unconstrained build operations Thread 63" [_thread_blocked, id=33108, stack(0x000000013c800000,0x000000013c900000)]
  0x000001f30bedf670 JavaThread "Unconstrained build operations Thread 64" [_thread_blocked, id=26520, stack(0x000000013c900000,0x000000013ca00000)]
  0x000001f30bedd990 JavaThread "Unconstrained build operations Thread 65" [_thread_blocked, id=19920, stack(0x000000013ca00000,0x000000013cb00000)]
  0x000001f30bedfb40 JavaThread "Unconstrained build operations Thread 66" [_thread_blocked, id=29692, stack(0x000000013cb00000,0x000000013cc00000)]
  0x000001f30bedc180 JavaThread "Unconstrained build operations Thread 67" [_thread_blocked, id=30608, stack(0x000000013cc00000,0x000000013cd00000)]
  0x000001f30bedde60 JavaThread "Unconstrained build operations Thread 68" [_thread_blocked, id=22152, stack(0x000000013cd00000,0x000000013ce00000)]
  0x000001f30c794b80 JavaThread "Unconstrained build operations Thread 69" [_thread_blocked, id=7248, stack(0x000000013ce00000,0x000000013cf00000)]
  0x000001f30c792ea0 JavaThread "Unconstrained build operations Thread 70" [_thread_blocked, id=30588, stack(0x000000013cf00000,0x000000013d000000)]
  0x000001f30c793370 JavaThread "Unconstrained build operations Thread 71" [_thread_blocked, id=17108, stack(0x000000013d000000,0x000000013d100000)]
  0x000001f30c795050 JavaThread "Unconstrained build operations Thread 72" [_thread_blocked, id=23512, stack(0x000000013d100000,0x000000013d200000)]
  0x000001f30c7946b0 JavaThread "Unconstrained build operations Thread 73" [_thread_blocked, id=23920, stack(0x000000013d200000,0x000000013d300000)]
  0x000001f30c792030 JavaThread "Unconstrained build operations Thread 74" [_thread_blocked, id=20128, stack(0x000000013d300000,0x000000013d400000)]
  0x000001f30c795520 JavaThread "Unconstrained build operations Thread 75" [_thread_blocked, id=21336, stack(0x000000013d400000,0x000000013d500000)]
  0x000001f30c7959f0 JavaThread "Unconstrained build operations Thread 76" [_thread_blocked, id=23276, stack(0x000000013d500000,0x000000013d600000)]
  0x000001f30c793d10 JavaThread "Unconstrained build operations Thread 77" [_thread_blocked, id=20132, stack(0x000000013d600000,0x000000013d700000)]
  0x000001f30c792500 JavaThread "Unconstrained build operations Thread 78" [_thread_blocked, id=11676, stack(0x000000013d700000,0x000000013d800000)]
  0x000001f30c7941e0 JavaThread "Unconstrained build operations Thread 79" [_thread_blocked, id=5324, stack(0x000000013d800000,0x000000013d900000)]
  0x000001f30c7929d0 JavaThread "Unconstrained build operations Thread 80" [_thread_blocked, id=21692, stack(0x000000013d900000,0x000000013da00000)]
  0x000001f30c793840 JavaThread "Unconstrained build operations Thread 81" [_thread_blocked, id=23084, stack(0x000000013da00000,0x000000013db00000)]
  0x000001f30ac453c0 JavaThread "Unconstrained build operations Thread 82" [_thread_blocked, id=9956, stack(0x000000013db00000,0x000000013dc00000)]
  0x000001f30ac45890 JavaThread "Unconstrained build operations Thread 83" [_thread_blocked, id=22360, stack(0x000000013dc00000,0x000000013dd00000)]
  0x000001f30ac44080 JavaThread "Unconstrained build operations Thread 84" [_thread_blocked, id=12236, stack(0x000000013dd00000,0x000000013de00000)]
  0x000001f30ac44550 JavaThread "Unconstrained build operations Thread 85" [_thread_blocked, id=9592, stack(0x000000013de00000,0x000000013df00000)]
  0x000001f30ac44ef0 JavaThread "Unconstrained build operations Thread 86" [_thread_blocked, id=12828, stack(0x000000013df00000,0x000000013e000000)]
  0x000001f30d0ed240 JavaThread "Unconstrained build operations Thread 87" [_thread_blocked, id=5124, stack(0x000000013e000000,0x000000013e100000)]
  0x000001f30d0ebf00 JavaThread "Unconstrained build operations Thread 88" [_thread_blocked, id=25440, stack(0x000000013e100000,0x000000013e200000)]
  0x000001f30d0ec8a0 JavaThread "Unconstrained build operations Thread 89" [_thread_blocked, id=19068, stack(0x000000013e200000,0x000000013e300000)]
  0x000001f30d0ec3d0 JavaThread "Unconstrained build operations Thread 90" [_thread_blocked, id=32652, stack(0x000000013e300000,0x000000013e400000)]
  0x000001f30d0ed710 JavaThread "Unconstrained build operations Thread 91" [_thread_blocked, id=20608, stack(0x000000013e400000,0x000000013e500000)]
  0x000001f30d0ecd70 JavaThread "Unconstrained build operations Thread 92" [_thread_blocked, id=15220, stack(0x000000013e500000,0x000000013e600000)]
  0x000001f30ac44a20 JavaThread "Unconstrained build operations Thread 93" [_thread_blocked, id=15168, stack(0x000000013e600000,0x000000013e700000)]
  0x000001f3160d5ba0 JavaThread "Unconstrained build operations Thread 94" [_thread_blocked, id=27964, stack(0x000000013e700000,0x000000013e800000)]
  0x000001f3160d6070 JavaThread "Unconstrained build operations Thread 95" [_thread_blocked, id=24324, stack(0x000000013e800000,0x000000013e900000)]
  0x000001f3160d6540 JavaThread "Unconstrained build operations Thread 96" [_thread_blocked, id=31804, stack(0x000000013e900000,0x000000013ea00000)]
  0x000001f3160d6a10 JavaThread "Unconstrained build operations Thread 97" [_thread_blocked, id=32596, stack(0x000000013ea00000,0x000000013eb00000)]
  0x000001f3160d5200 JavaThread "Unconstrained build operations Thread 98" [_thread_blocked, id=30828, stack(0x000000013eb00000,0x000000013ec00000)]
  0x000001f30c30a390 JavaThread "Unconstrained build operations Thread 99" [_thread_blocked, id=31280, stack(0x000000013ec00000,0x000000013ed00000)]
  0x000001f313779610 JavaThread "Unconstrained build operations Thread 100" [_thread_blocked, id=33032, stack(0x000000013ed00000,0x000000013ee00000)]
  0x000001f313779140 JavaThread "Unconstrained build operations Thread 101" [_thread_blocked, id=2272, stack(0x000000013ee00000,0x000000013ef00000)]
  0x000001f313779ae0 JavaThread "Unconstrained build operations Thread 102" [_thread_blocked, id=5376, stack(0x000000013ef00000,0x000000013f000000)]
  0x000001f3164ae850 JavaThread "Unconstrained build operations Thread 103" [_thread_blocked, id=23028, stack(0x000000013f000000,0x000000013f100000)]
  0x000001f3164afb90 JavaThread "Unconstrained build operations Thread 104" [_thread_blocked, id=22564, stack(0x000000013f100000,0x000000013f200000)]
  0x000001f3164aed20 JavaThread "Unconstrained build operations Thread 105" [_thread_blocked, id=23012, stack(0x000000013f200000,0x000000013f300000)]
  0x000001f313779fb0 JavaThread "Unconstrained build operations Thread 106" [_thread_blocked, id=1096, stack(0x000000013f300000,0x000000013f400000)]
  0x000001f3166dc480 JavaThread "Unconstrained build operations Thread 107" [_thread_blocked, id=21740, stack(0x000000013f400000,0x000000013f500000)]
  0x000001f315e08f30 JavaThread "Unconstrained build operations Thread 108" [_thread_blocked, id=29480, stack(0x000000013f500000,0x000000013f600000)]
  0x000001f30bf41d40 JavaThread "Unconstrained build operations Thread 109" [_thread_blocked, id=3444, stack(0x000000013f600000,0x000000013f700000)]
  0x000001f30bf40ed0 JavaThread "Unconstrained build operations Thread 110" [_thread_blocked, id=33416, stack(0x000000013f700000,0x000000013f800000)]
  0x000001f30bf40530 JavaThread "Unconstrained build operations Thread 111" [_thread_blocked, id=3512, stack(0x000000013f800000,0x000000013f900000)]
  0x000001f316499390 JavaThread "Unconstrained build operations Thread 112" [_thread_blocked, id=19332, stack(0x000000013f900000,0x000000013fa00000)]
  0x000001f30cd31830 JavaThread "Unconstrained build operations Thread 113" [_thread_blocked, id=4104, stack(0x000000013fa00000,0x000000013fb00000)]
  0x000001f30cd34380 JavaThread "Unconstrained build operations Thread 114" [_thread_blocked, id=12600, stack(0x000000013fb00000,0x000000013fc00000)]
  0x000001f30cd33510 JavaThread "Unconstrained build operations Thread 115" [_thread_blocked, id=18568, stack(0x000000013fc00000,0x000000013fd00000)]
  0x000001f30cd31d00 JavaThread "Unconstrained build operations Thread 116" [_thread_blocked, id=31212, stack(0x000000013fd00000,0x000000013fe00000)]
  0x000001f30cd33eb0 JavaThread "Unconstrained build operations Thread 117" [_thread_blocked, id=14984, stack(0x000000013fe00000,0x000000013ff00000)]
  0x000001f30cd351f0 JavaThread "Unconstrained build operations Thread 118" [_thread_blocked, id=32972, stack(0x000000013ff00000,0x0000000140000000)]
  0x000001f30cd326a0 JavaThread "Unconstrained build operations Thread 119" [_thread_blocked, id=24624, stack(0x0000000140000000,0x0000000140100000)]
  0x000001f30cd356c0 JavaThread "Unconstrained build operations Thread 120" [_thread_blocked, id=8552, stack(0x0000000140100000,0x0000000140200000)]
  0x000001f30cd35b90 JavaThread "Unconstrained build operations Thread 121" [_thread_blocked, id=22860, stack(0x0000000140200000,0x0000000140300000)]
  0x000001f3167d4b80 JavaThread "Unconstrained build operations Thread 122" [_thread_blocked, id=26564, stack(0x0000000140300000,0x0000000140400000)]
  0x000001f3167d3d10 JavaThread "Unconstrained build operations Thread 123" [_thread_blocked, id=21328, stack(0x0000000140400000,0x0000000140500000)]
  0x000001f3167d2500 JavaThread "Unconstrained build operations Thread 124" [_thread_blocked, id=13228, stack(0x0000000140500000,0x0000000140600000)]
  0x000001f3167d41e0 JavaThread "Unconstrained build operations Thread 125" [_thread_blocked, id=9776, stack(0x0000000140600000,0x0000000140700000)]
  0x000001f30bf40a00 JavaThread "build event listener" [_thread_blocked, id=28628, stack(0x0000000140700000,0x0000000140800000)]
  0x000001f3116fbef0 JavaThread "included builds" [_thread_blocked, id=12128, stack(0x0000000140900000,0x0000000140a00000)]
  0x000001f31641d800 JavaThread "Execution worker" [_thread_blocked, id=22268, stack(0x0000000140a00000,0x0000000140b00000)]
  0x000001f31641f010 JavaThread "Execution worker Thread 2" [_thread_blocked, id=2268, stack(0x0000000140b00000,0x0000000140c00000)]
  0x000001f31641f4e0 JavaThread "Execution worker Thread 3" [_thread_in_Java, id=20248, stack(0x0000000140c00000,0x0000000140d00000)]
  0x000001f3164af1f0 JavaThread "Execution worker Thread 4" [_thread_blocked, id=16004, stack(0x0000000140d00000,0x0000000140e00000)]
  0x000001f3164af6c0 JavaThread "Execution worker Thread 5" [_thread_blocked, id=3040, stack(0x0000000141a00000,0x0000000141b00000)]
  0x000001f30ecd1b40 JavaThread "Execution worker Thread 6" [_thread_blocked, id=26676, stack(0x0000000141c00000,0x0000000141d00000)]
  0x000001f30ecd5030 JavaThread "Execution worker Thread 7" [_thread_blocked, id=14844, stack(0x0000000141d00000,0x0000000141e00000)]
  0x000001f30ecd5500 JavaThread "Execution worker Thread 8" [_thread_blocked, id=31272, stack(0x0000000141e00000,0x0000000141f00000)]
  0x000001f30ecd3350 JavaThread "Execution worker Thread 9" [_thread_blocked, id=14100, stack(0x0000000141f00000,0x0000000142000000)]
  0x000001f30ecd2010 JavaThread "Execution worker Thread 10" [_thread_blocked, id=13864, stack(0x0000000142000000,0x0000000142100000)]
  0x000001f30ecd2e80 JavaThread "Execution worker Thread 11" [_thread_blocked, id=20496, stack(0x0000000142100000,0x0000000142200000)]
  0x000001f30ecd3820 JavaThread "Execution worker Thread 12" [_thread_blocked, id=22032, stack(0x0000000142200000,0x0000000142300000)]
  0x000001f30ecd3cf0 JavaThread "Execution worker Thread 13" [_thread_blocked, id=27576, stack(0x0000000142300000,0x0000000142400000)]
  0x000001f30ecd4690 JavaThread "Execution worker Thread 14" [_thread_blocked, id=22180, stack(0x0000000142400000,0x0000000142500000)]
  0x000001f30d46c2d0 JavaThread "Execution worker Thread 15" [_thread_blocked, id=25572, stack(0x0000000142500000,0x0000000142600000)]
  0x000001f30d46c7a0 JavaThread "Cache worker for execution history cache (E:\CrazyGolf\.gradle\8.0\executionHistory)" [_thread_blocked, id=32776, stack(0x0000000142600000,0x0000000142700000)]
  0x000001f30d46cc70 JavaThread "Unconstrained build operations Thread 126" [_thread_blocked, id=5076, stack(0x0000000142700000,0x0000000142800000)]
  0x000001f30cd36060 JavaThread "Unconstrained build operations Thread 127" [_thread_blocked, id=32360, stack(0x0000000142800000,0x0000000142900000)]
  0x000001f30cd304f0 JavaThread "Unconstrained build operations Thread 128" [_thread_blocked, id=5112, stack(0x0000000142900000,0x0000000142a00000)]
  0x000001f30cd36a00 JavaThread "Unconstrained build operations Thread 129" [_thread_blocked, id=20372, stack(0x0000000142a00000,0x0000000142b00000)]
  0x000001f30cd36ed0 JavaThread "Unconstrained build operations Thread 130" [_thread_blocked, id=18544, stack(0x0000000142b00000,0x0000000142c00000)]
  0x000001f30d46d140 JavaThread "Unconstrained build operations Thread 131" [_thread_blocked, id=3896, stack(0x0000000142c00000,0x0000000142d00000)]
  0x000001f30d46b930 JavaThread "Unconstrained build operations Thread 132" [_thread_blocked, id=11336, stack(0x0000000142d00000,0x0000000142e00000)]
  0x000001f30d46be00 JavaThread "Unconstrained build operations Thread 133" [_thread_blocked, id=12596, stack(0x0000000142e00000,0x0000000142f00000)]
  0x000001f319810f80 JavaThread "Unconstrained build operations Thread 134" [_thread_blocked, id=20920, stack(0x0000000142f00000,0x0000000143000000)]
  0x000001f319811450 JavaThread "Unconstrained build operations Thread 135" [_thread_blocked, id=28860, stack(0x0000000143000000,0x0000000143100000)]
  0x000001f3198105e0 JavaThread "Unconstrained build operations Thread 136" [_thread_blocked, id=11388, stack(0x0000000143100000,0x0000000143200000)]
  0x000001f319810ab0 JavaThread "Unconstrained build operations Thread 137" [_thread_blocked, id=13032, stack(0x0000000143200000,0x0000000143300000)]
  0x000001f31980fc40 JavaThread "Unconstrained build operations Thread 138" [_thread_blocked, id=21088, stack(0x0000000143300000,0x0000000143400000)]
  0x000001f319810110 JavaThread "Unconstrained build operations Thread 139" [_thread_blocked, id=6380, stack(0x0000000143400000,0x0000000143500000)]
  0x000001f30a99ce50 JavaThread "Unconstrained build operations Thread 140" [_thread_blocked, id=14224, stack(0x0000000143500000,0x0000000143600000)]
  0x000001f30a99c4b0 JavaThread "Unconstrained build operations Thread 141" [_thread_blocked, id=26984, stack(0x0000000143600000,0x0000000143700000)]
  0x000001f30a99dcc0 JavaThread "Unconstrained build operations Thread 142" [_thread_blocked, id=24460, stack(0x0000000143700000,0x0000000143800000)]
  0x000001f30a99d320 JavaThread "Unconstrained build operations Thread 143" [_thread_blocked, id=27480, stack(0x0000000143800000,0x0000000143900000)]
  0x000001f30a99d7f0 JavaThread "Unconstrained build operations Thread 144" [_thread_blocked, id=20140, stack(0x0000000143900000,0x0000000143a00000)]
  0x000001f30a99c980 JavaThread "Unconstrained build operations Thread 145" [_thread_blocked, id=10000, stack(0x0000000143a00000,0x0000000143b00000)]
  0x000001f31649a200 JavaThread "Unconstrained build operations Thread 146" [_thread_blocked, id=21904, stack(0x0000000143b00000,0x0000000143c00000)]
  0x000001f3164989f0 JavaThread "Unconstrained build operations Thread 147" [_thread_blocked, id=9788, stack(0x0000000143c00000,0x0000000143d00000)]
  0x000001f3164976b0 JavaThread "Unconstrained build operations Thread 148" [_thread_blocked, id=25880, stack(0x0000000143d00000,0x0000000143e00000)]
  0x000001f316498520 JavaThread "Unconstrained build operations Thread 149" [_thread_blocked, id=9648, stack(0x0000000143e00000,0x0000000143f00000)]
  0x000001f316496840 JavaThread "Unconstrained build operations Thread 150" [_thread_blocked, id=8940, stack(0x0000000143f00000,0x0000000144000000)]
  0x000001f316496d10 JavaThread "Unconstrained build operations Thread 151" [_thread_blocked, id=33484, stack(0x0000000144000000,0x0000000144100000)]
  0x000001f3164971e0 JavaThread "Unconstrained build operations Thread 152" [_thread_blocked, id=26740, stack(0x0000000144100000,0x0000000144200000)]
  0x000001f316497b80 JavaThread "Unconstrained build operations Thread 153" [_thread_blocked, id=32792, stack(0x0000000144200000,0x0000000144300000)]
  0x000001f3160d10e0 JavaThread "Unconstrained build operations Thread 154" [_thread_blocked, id=17336, stack(0x0000000144300000,0x0000000144400000)]
  0x000001f3160cf8d0 JavaThread "Unconstrained build operations Thread 155" [_thread_blocked, id=13600, stack(0x0000000144400000,0x0000000144500000)]
  0x000001f319be4f90 JavaThread "Unconstrained build operations Thread 156" [_thread_blocked, id=12712, stack(0x0000000144500000,0x0000000144600000)]
  0x000001f319be5460 JavaThread "Unconstrained build operations Thread 157" [_thread_blocked, id=30500, stack(0x0000000144600000,0x0000000144700000)]
  0x000001f319be5930 JavaThread "Unconstrained build operations Thread 158" [_thread_blocked, id=26236, stack(0x0000000144700000,0x0000000144800000)]
  0x000001f319be5e00 JavaThread "Unconstrained build operations Thread 159" [_thread_blocked, id=22128, stack(0x0000000144800000,0x0000000144900000)]
  0x000001f319be62d0 JavaThread "Unconstrained build operations Thread 160" [_thread_blocked, id=30472, stack(0x0000000144900000,0x0000000144a00000)]

Other Threads:
  0x000001f2c89b76f0 VMThread "VM Thread" [stack: 0x0000000135500000,0x0000000135600000] [id=25328]
  0x000001f309a02df0 WatcherThread [stack: 0x0000000136200000,0x0000000136300000] [id=16568]
  0x000001f2ae529ca0 GCTaskThread "GC Thread#0" [stack: 0x0000000135000000,0x0000000135100000] [id=8768]
  0x000001f30a0cb010 GCTaskThread "GC Thread#1" [stack: 0x0000000136700000,0x0000000136800000] [id=19980]
  0x000001f30aaa2600 GCTaskThread "GC Thread#2" [stack: 0x0000000136800000,0x0000000136900000] [id=5464]
  0x000001f30abffd20 GCTaskThread "GC Thread#3" [stack: 0x0000000136900000,0x0000000136a00000] [id=33196]
  0x000001f30b1fb420 GCTaskThread "GC Thread#4" [stack: 0x0000000136400000,0x0000000136500000] [id=23816]
  0x000001f30bf50d40 GCTaskThread "GC Thread#5" [stack: 0x0000000136a00000,0x0000000136b00000] [id=23288]
  0x000001f30bf51550 GCTaskThread "GC Thread#6" [stack: 0x0000000137500000,0x0000000137600000] [id=20896]
  0x000001f30bf51800 GCTaskThread "GC Thread#7" [stack: 0x0000000137600000,0x0000000137700000] [id=13552]
  0x000001f30bf51ab0 GCTaskThread "GC Thread#8" [stack: 0x0000000137700000,0x0000000137800000] [id=18156]
  0x000001f30bf50ff0 GCTaskThread "GC Thread#9" [stack: 0x0000000137800000,0x0000000137900000] [id=26532]
  0x000001f30bf51d60 GCTaskThread "GC Thread#10" [stack: 0x0000000137900000,0x0000000137a00000] [id=33072]
  0x000001f30bf52010 GCTaskThread "GC Thread#11" [stack: 0x0000000137a00000,0x0000000137b00000] [id=21120]
  0x000001f30bf512a0 GCTaskThread "GC Thread#12" [stack: 0x0000000137b00000,0x0000000137c00000] [id=15200]
  0x000001f2ae53aaf0 ConcurrentGCThread "G1 Main Marker" [stack: 0x0000000135100000,0x0000000135200000] [id=17724]
  0x000001f2ae53b410 ConcurrentGCThread "G1 Conc#0" [stack: 0x0000000135200000,0x0000000135300000] [id=13936]
  0x000001f30bf50530 ConcurrentGCThread "G1 Conc#1" [stack: 0x0000000137c00000,0x0000000137d00000] [id=32248]
  0x000001f30bf507e0 ConcurrentGCThread "G1 Conc#2" [stack: 0x0000000137d00000,0x0000000137e00000] [id=13732]
  0x000001f2ae59e6c0 ConcurrentGCThread "G1 Refine#0" [stack: 0x0000000135300000,0x0000000135400000] [id=11932]
  0x000001f30f1281a0 ConcurrentGCThread "G1 Refine#1" [stack: 0x0000000141900000,0x0000000141a00000] [id=6500]
  0x000001f30c139280 ConcurrentGCThread "G1 Refine#2" [stack: 0x0000000145e00000,0x0000000145f00000] [id=21952]
  0x000001f2c881c150 ConcurrentGCThread "G1 Service" [stack: 0x0000000135400000,0x0000000135500000] [id=26500]

Threads with active compile tasks:
C2 CompilerThread0  7007153 41280   !   4       org.gradle.api.internal.tasks.execution.FinalizePropertiesTaskExecuter::execute (168 bytes)

VM state: not at safepoint (normal execution)

VM Mutex/Monitor currently owned by a thread: None

Heap address: 0x0000000080000000, size: 2048 MB, Compressed Oops mode: 32-bit

CDS archive(s) not mapped
Compressed class space mapped at: 0x000001f2c9000000-0x000001f309000000, reserved size: 1073741824
Narrow klass base: 0x000001f2c9000000, Narrow klass shift: 0, Narrow klass range: 0x40000000

GC Precious Log:
 CPUs: 16 total, 16 available
 Memory: 7598M
 Large Page Support: Disabled
 NUMA Support: Disabled
 Compressed Oops: Enabled (32-bit)
 Heap Region Size: 1M
 Heap Min Capacity: 8M
 Heap Initial Capacity: 120M
 Heap Max Capacity: 2G
 Pre-touch: Disabled
 Parallel Workers: 13
 Concurrent Workers: 3
 Concurrent Refinement Workers: 13
 Periodic GC: Disabled

Heap:
 garbage-first heap   total 565248K, used 196084K [0x0000000080000000, 0x0000000100000000)
  region size 1024K, 79 young (80896K), 9 survivors (9216K)
 Metaspace       used 150018K, committed 151936K, reserved 1187840K
  class space    used 19822K, committed 20800K, reserved 1048576K

Heap Regions: E=young(eden), S=young(survivor), O=old, HS=humongous(starts), HC=humongous(continues), CS=collection set, F=free, OA=open archive, CA=closed archive, TAMS=top-at-mark-start (previous, next)
|   0|0x0000000080000000, 0x0000000080100000, 0x0000000080100000|100%|HS|  |TAMS 0x0000000080100000, 0x0000000080000000| Complete 
|   1|0x0000000080100000, 0x0000000080200000, 0x0000000080200000|100%|HC|  |TAMS 0x0000000080200000, 0x0000000080100000| Complete 
|   2|0x0000000080200000, 0x0000000080300000, 0x0000000080300000|100%|HC|  |TAMS 0x0000000080300000, 0x0000000080200000| Complete 
|   3|0x0000000080300000, 0x0000000080400000, 0x0000000080400000|100%|HC|  |TAMS 0x0000000080400000, 0x0000000080300000| Complete 
|   4|0x0000000080400000, 0x0000000080500000, 0x0000000080500000|100%| O|  |TAMS 0x0000000080500000, 0x0000000080400000| Untracked 
|   5|0x0000000080500000, 0x0000000080600000, 0x0000000080600000|100%| O|  |TAMS 0x0000000080600000, 0x0000000080500000| Untracked 
|   6|0x0000000080600000, 0x0000000080700000, 0x0000000080700000|100%| O|  |TAMS 0x0000000080700000, 0x0000000080600000| Untracked 
|   7|0x0000000080700000, 0x0000000080800000, 0x0000000080800000|100%| O|  |TAMS 0x0000000080800000, 0x0000000080700000| Untracked 
|   8|0x0000000080800000, 0x0000000080900000, 0x0000000080900000|100%| O|  |TAMS 0x0000000080900000, 0x0000000080800000| Untracked 
|   9|0x0000000080900000, 0x0000000080a00000, 0x0000000080a00000|100%| O|  |TAMS 0x0000000080a00000, 0x0000000080900000| Untracked 
|  10|0x0000000080a00000, 0x0000000080b00000, 0x0000000080b00000|100%| O|  |TAMS 0x0000000080b00000, 0x0000000080a00000| Untracked 
|  11|0x0000000080b00000, 0x0000000080c00000, 0x0000000080c00000|100%| O|  |TAMS 0x0000000080c00000, 0x0000000080b00000| Untracked 
|  12|0x0000000080c00000, 0x0000000080d00000, 0x0000000080d00000|100%| O|  |TAMS 0x0000000080d00000, 0x0000000080c00000| Untracked 
|  13|0x0000000080d00000, 0x0000000080e00000, 0x0000000080e00000|100%| O|  |TAMS 0x0000000080e00000, 0x0000000080d00000| Untracked 
|  14|0x0000000080e00000, 0x0000000080f00000, 0x0000000080f00000|100%| O|  |TAMS 0x0000000080f00000, 0x0000000080e00000| Untracked 
|  15|0x0000000080f00000, 0x0000000081000000, 0x0000000081000000|100%| O|  |TAMS 0x0000000081000000, 0x0000000080f00000| Untracked 
|  16|0x0000000081000000, 0x0000000081100000, 0x0000000081100000|100%| O|  |TAMS 0x0000000081100000, 0x0000000081000000| Untracked 
|  17|0x0000000081100000, 0x0000000081200000, 0x0000000081200000|100%| O|  |TAMS 0x0000000081200000, 0x0000000081100000| Untracked 
|  18|0x0000000081200000, 0x0000000081300000, 0x0000000081300000|100%| O|  |TAMS 0x0000000081300000, 0x0000000081200000| Untracked 
|  19|0x0000000081300000, 0x0000000081400000, 0x0000000081400000|100%| O|  |TAMS 0x0000000081400000, 0x0000000081300000| Untracked 
|  20|0x0000000081400000, 0x0000000081500000, 0x0000000081500000|100%| O|  |TAMS 0x0000000081500000, 0x0000000081400000| Untracked 
|  21|0x0000000081500000, 0x0000000081600000, 0x0000000081600000|100%| O|  |TAMS 0x0000000081600000, 0x0000000081500000| Untracked 
|  22|0x0000000081600000, 0x0000000081700000, 0x0000000081700000|100%| O|  |TAMS 0x0000000081700000, 0x0000000081600000| Untracked 
|  23|0x0000000081700000, 0x0000000081800000, 0x0000000081800000|100%| O|  |TAMS 0x0000000081800000, 0x0000000081700000| Untracked 
|  24|0x0000000081800000, 0x0000000081900000, 0x0000000081900000|100%| O|  |TAMS 0x0000000081900000, 0x0000000081800000| Untracked 
|  25|0x0000000081900000, 0x0000000081a00000, 0x0000000081a00000|100%| O|  |TAMS 0x0000000081a00000, 0x0000000081900000| Untracked 
|  26|0x0000000081a00000, 0x0000000081b00000, 0x0000000081b00000|100%| O|  |TAMS 0x0000000081b00000, 0x0000000081a00000| Untracked 
|  27|0x0000000081b00000, 0x0000000081c00000, 0x0000000081c00000|100%| O|  |TAMS 0x0000000081c00000, 0x0000000081b00000| Untracked 
|  28|0x0000000081c00000, 0x0000000081d00000, 0x0000000081d00000|100%| O|  |TAMS 0x0000000081d00000, 0x0000000081c00000| Untracked 
|  29|0x0000000081d00000, 0x0000000081e00000, 0x0000000081e00000|100%| O|  |TAMS 0x0000000081e00000, 0x0000000081d00000| Untracked 
|  30|0x0000000081e00000, 0x0000000081f00000, 0x0000000081f00000|100%| O|  |TAMS 0x0000000081f00000, 0x0000000081e00000| Untracked 
|  31|0x0000000081f00000, 0x0000000082000000, 0x0000000082000000|100%| O|  |TAMS 0x0000000082000000, 0x0000000081f00000| Untracked 
|  32|0x0000000082000000, 0x0000000082100000, 0x0000000082100000|100%| O|  |TAMS 0x0000000082100000, 0x0000000082000000| Untracked 
|  33|0x0000000082100000, 0x0000000082200000, 0x0000000082200000|100%| O|  |TAMS 0x0000000082200000, 0x0000000082100000| Untracked 
|  34|0x0000000082200000, 0x0000000082300000, 0x0000000082300000|100%| O|  |TAMS 0x0000000082300000, 0x0000000082200000| Untracked 
|  35|0x0000000082300000, 0x0000000082400000, 0x0000000082400000|100%| O|  |TAMS 0x0000000082300000, 0x0000000082300000| Untracked 
|  36|0x0000000082400000, 0x0000000082500000, 0x0000000082500000|100%|HS|  |TAMS 0x0000000082500000, 0x0000000082400000| Complete 
|  37|0x0000000082500000, 0x0000000082600000, 0x0000000082600000|100%|HS|  |TAMS 0x0000000082600000, 0x0000000082500000| Complete 
|  38|0x0000000082600000, 0x0000000082700000, 0x0000000082700000|100%|HS|  |TAMS 0x0000000082700000, 0x0000000082600000| Complete 
|  39|0x0000000082700000, 0x0000000082800000, 0x0000000082800000|100%| O|  |TAMS 0x0000000082800000, 0x0000000082700000| Untracked 
|  40|0x0000000082800000, 0x0000000082900000, 0x0000000082900000|100%| O|  |TAMS 0x0000000082800000, 0x0000000082800000| Untracked 
|  41|0x0000000082900000, 0x0000000082a00000, 0x0000000082a00000|100%| O|  |TAMS 0x0000000082a00000, 0x0000000082900000| Untracked 
|  42|0x0000000082a00000, 0x0000000082b00000, 0x0000000082b00000|100%| O|  |TAMS 0x0000000082b00000, 0x0000000082a00000| Untracked 
|  43|0x0000000082b00000, 0x0000000082c00000, 0x0000000082c00000|100%| O|  |TAMS 0x0000000082c00000, 0x0000000082b00000| Untracked 
|  44|0x0000000082c00000, 0x0000000082d00000, 0x0000000082d00000|100%| O|  |TAMS 0x0000000082c00000, 0x0000000082c00000| Untracked 
|  45|0x0000000082d00000, 0x0000000082e00000, 0x0000000082e00000|100%| O|  |TAMS 0x0000000082e00000, 0x0000000082d00000| Untracked 
|  46|0x0000000082e00000, 0x0000000082f00000, 0x0000000082f00000|100%| O|  |TAMS 0x0000000082f00000, 0x0000000082e00000| Untracked 
|  47|0x0000000082f00000, 0x0000000083000000, 0x0000000083000000|100%| O|  |TAMS 0x0000000083000000, 0x0000000082f00000| Untracked 
|  48|0x0000000083000000, 0x0000000083100000, 0x0000000083100000|100%| O|  |TAMS 0x0000000083000000, 0x0000000083000000| Untracked 
|  49|0x0000000083100000, 0x0000000083200000, 0x0000000083200000|100%| O|  |TAMS 0x0000000083200000, 0x0000000083100000| Untracked 
|  50|0x0000000083200000, 0x0000000083300000, 0x0000000083300000|100%| O|  |TAMS 0x0000000083300000, 0x0000000083200000| Untracked 
|  51|0x0000000083300000, 0x0000000083400000, 0x0000000083400000|100%| O|  |TAMS 0x0000000083400000, 0x0000000083300000| Untracked 
|  52|0x0000000083400000, 0x0000000083500000, 0x0000000083500000|100%| O|  |TAMS 0x0000000083500000, 0x0000000083400000| Untracked 
|  53|0x0000000083500000, 0x0000000083600000, 0x0000000083600000|100%| O|  |TAMS 0x0000000083600000, 0x0000000083500000| Untracked 
|  54|0x0000000083600000, 0x0000000083700000, 0x0000000083700000|100%| O|  |TAMS 0x0000000083700000, 0x0000000083600000| Untracked 
|  55|0x0000000083700000, 0x0000000083800000, 0x0000000083800000|100%| O|  |TAMS 0x0000000083800000, 0x0000000083700000| Untracked 
|  56|0x0000000083800000, 0x0000000083900000, 0x0000000083900000|100%| O|  |TAMS 0x0000000083900000, 0x0000000083800000| Untracked 
|  57|0x0000000083900000, 0x0000000083a00000, 0x0000000083a00000|100%| O|  |TAMS 0x0000000083a00000, 0x0000000083900000| Untracked 
|  58|0x0000000083a00000, 0x0000000083b00000, 0x0000000083b00000|100%| O|  |TAMS 0x0000000083b00000, 0x0000000083a00000| Untracked 
|  59|0x0000000083b00000, 0x0000000083c00000, 0x0000000083c00000|100%| O|  |TAMS 0x0000000083c00000, 0x0000000083b00000| Untracked 
|  60|0x0000000083c00000, 0x0000000083d00000, 0x0000000083d00000|100%| O|  |TAMS 0x0000000083d00000, 0x0000000083c00000| Untracked 
|  61|0x0000000083d00000, 0x0000000083e00000, 0x0000000083e00000|100%| O|  |TAMS 0x0000000083e00000, 0x0000000083d00000| Untracked 
|  62|0x0000000083e00000, 0x0000000083f00000, 0x0000000083f00000|100%| O|  |TAMS 0x0000000083f00000, 0x0000000083e00000| Untracked 
|  63|0x0000000083f00000, 0x0000000084000000, 0x0000000084000000|100%| O|  |TAMS 0x0000000084000000, 0x0000000083f00000| Untracked 
|  64|0x0000000084000000, 0x0000000084100000, 0x0000000084100000|100%| O|  |TAMS 0x0000000084100000, 0x0000000084000000| Untracked 
|  65|0x0000000084100000, 0x0000000084200000, 0x0000000084200000|100%| O|  |TAMS 0x0000000084200000, 0x0000000084100000| Untracked 
|  66|0x0000000084200000, 0x0000000084300000, 0x0000000084300000|100%| O|  |TAMS 0x0000000084300000, 0x0000000084200000| Untracked 
|  67|0x0000000084300000, 0x0000000084400000, 0x0000000084400000|100%| O|  |TAMS 0x0000000084400000, 0x0000000084300000| Untracked 
|  68|0x0000000084400000, 0x0000000084500000, 0x0000000084500000|100%| O|  |TAMS 0x0000000084500000, 0x0000000084400000| Untracked 
|  69|0x0000000084500000, 0x0000000084600000, 0x0000000084600000|100%| O|  |TAMS 0x0000000084600000, 0x0000000084500000| Untracked 
|  70|0x0000000084600000, 0x0000000084700000, 0x0000000084700000|100%| O|  |TAMS 0x0000000084700000, 0x0000000084600000| Untracked 
|  71|0x0000000084700000, 0x0000000084800000, 0x0000000084800000|100%| O|  |TAMS 0x0000000084800000, 0x0000000084700000| Untracked 
|  72|0x0000000084800000, 0x0000000084900000, 0x0000000084900000|100%| O|  |TAMS 0x0000000084900000, 0x0000000084800000| Untracked 
|  73|0x0000000084900000, 0x0000000084a00000, 0x0000000084a00000|100%| O|  |TAMS 0x0000000084a00000, 0x0000000084900000| Untracked 
|  74|0x0000000084a00000, 0x0000000084b00000, 0x0000000084b00000|100%| O|  |TAMS 0x0000000084b00000, 0x0000000084a00000| Untracked 
|  75|0x0000000084b00000, 0x0000000084c00000, 0x0000000084c00000|100%| O|  |TAMS 0x0000000084c00000, 0x0000000084b00000| Untracked 
|  76|0x0000000084c00000, 0x0000000084d00000, 0x0000000084d00000|100%| O|  |TAMS 0x0000000084d00000, 0x0000000084c00000| Untracked 
|  77|0x0000000084d00000, 0x0000000084e00000, 0x0000000084e00000|100%| O|  |TAMS 0x0000000084e00000, 0x0000000084d00000| Untracked 
|  78|0x0000000084e00000, 0x0000000084f00000, 0x0000000084f00000|100%| O|  |TAMS 0x0000000084f00000, 0x0000000084e00000| Untracked 
|  79|0x0000000084f00000, 0x0000000085000000, 0x0000000085000000|100%| O|  |TAMS 0x0000000084f00000, 0x0000000084f00000| Untracked 
|  80|0x0000000085000000, 0x0000000085000000, 0x0000000085100000|  0%| F|  |TAMS 0x0000000085000000, 0x0000000085000000| Untracked 
|  81|0x0000000085100000, 0x0000000085200000, 0x0000000085200000|100%| O|  |TAMS 0x0000000085200000, 0x0000000085100000| Untracked 
|  82|0x0000000085200000, 0x0000000085300000, 0x0000000085300000|100%| O|  |TAMS 0x0000000085300000, 0x0000000085200000| Untracked 
|  83|0x0000000085300000, 0x0000000085400000, 0x0000000085400000|100%| O|  |TAMS 0x0000000085400000, 0x0000000085300000| Untracked 
|  84|0x0000000085400000, 0x0000000085500000, 0x0000000085500000|100%| O|  |TAMS 0x0000000085400000, 0x0000000085400000| Untracked 
|  85|0x0000000085500000, 0x0000000085600000, 0x0000000085600000|100%| O|  |TAMS 0x0000000085500000, 0x0000000085500000| Untracked 
|  86|0x0000000085600000, 0x0000000085700000, 0x0000000085700000|100%| O|  |TAMS 0x0000000085600000, 0x0000000085600000| Untracked 
|  87|0x0000000085700000, 0x0000000085800000, 0x0000000085800000|100%| O|  |TAMS 0x0000000085700000, 0x0000000085700000| Untracked 
|  88|0x0000000085800000, 0x0000000085900000, 0x0000000085900000|100%| O|  |TAMS 0x0000000085800000, 0x0000000085800000| Untracked 
|  89|0x0000000085900000, 0x0000000085a00000, 0x0000000085a00000|100%| O|  |TAMS 0x0000000085900000, 0x0000000085900000| Untracked 
|  90|0x0000000085a00000, 0x0000000085b00000, 0x0000000085b00000|100%| O|  |TAMS 0x0000000085a00000, 0x0000000085a00000| Untracked 
|  91|0x0000000085b00000, 0x0000000085c00000, 0x0000000085c00000|100%| O|  |TAMS 0x0000000085c00000, 0x0000000085b00000| Untracked 
|  92|0x0000000085c00000, 0x0000000085d00000, 0x0000000085d00000|100%|HS|  |TAMS 0x0000000085c00000, 0x0000000085c00000| Complete 
|  93|0x0000000085d00000, 0x0000000085e00000, 0x0000000085e00000|100%|HC|  |TAMS 0x0000000085d00000, 0x0000000085d00000| Complete 
|  94|0x0000000085e00000, 0x0000000085f00000, 0x0000000085f00000|100%| O|  |TAMS 0x0000000085f00000, 0x0000000085e00000| Untracked 
|  95|0x0000000085f00000, 0x0000000086000000, 0x0000000086000000|100%| O|  |TAMS 0x0000000085f00000, 0x0000000085f00000| Untracked 
|  96|0x0000000086000000, 0x0000000086100000, 0x0000000086100000|100%| O|  |TAMS 0x0000000086000000, 0x0000000086000000| Untracked 
|  97|0x0000000086100000, 0x0000000086200000, 0x0000000086200000|100%| O|  |TAMS 0x0000000086100000, 0x0000000086100000| Untracked 
|  98|0x0000000086200000, 0x0000000086300000, 0x0000000086300000|100%| O|  |TAMS 0x0000000086300000, 0x0000000086200000| Untracked 
|  99|0x0000000086300000, 0x0000000086400000, 0x0000000086400000|100%| O|  |TAMS 0x0000000086400000, 0x0000000086300000| Untracked 
| 100|0x0000000086400000, 0x0000000086500000, 0x0000000086500000|100%| O|  |TAMS 0x0000000086500000, 0x0000000086400000| Untracked 
| 101|0x0000000086500000, 0x0000000086600000, 0x0000000086600000|100%| O|  |TAMS 0x00000000865a4400, 0x0000000086500000| Untracked 
| 102|0x0000000086600000, 0x0000000086600000, 0x0000000086700000|  0%| F|  |TAMS 0x0000000086600000, 0x0000000086600000| Untracked 
| 103|0x0000000086700000, 0x0000000086700000, 0x0000000086800000|  0%| F|  |TAMS 0x0000000086700000, 0x0000000086700000| Untracked 
| 104|0x0000000086800000, 0x0000000086800000, 0x0000000086900000|  0%| F|  |TAMS 0x0000000086800000, 0x0000000086800000| Untracked 
| 105|0x0000000086900000, 0x0000000086900000, 0x0000000086a00000|  0%| F|  |TAMS 0x0000000086900000, 0x0000000086900000| Untracked 
| 106|0x0000000086a00000, 0x0000000086a00000, 0x0000000086b00000|  0%| F|  |TAMS 0x0000000086a00000, 0x0000000086a00000| Untracked 
| 107|0x0000000086b00000, 0x0000000086b00000, 0x0000000086c00000|  0%| F|  |TAMS 0x0000000086b00000, 0x0000000086b00000| Untracked 
| 108|0x0000000086c00000, 0x0000000086c00000, 0x0000000086d00000|  0%| F|  |TAMS 0x0000000086c00000, 0x0000000086c00000| Untracked 
| 109|0x0000000086d00000, 0x0000000086d00000, 0x0000000086e00000|  0%| F|  |TAMS 0x0000000086d00000, 0x0000000086d00000| Untracked 
| 110|0x0000000086e00000, 0x0000000086e00000, 0x0000000086f00000|  0%| F|  |TAMS 0x0000000086e00000, 0x0000000086e00000| Untracked 
| 111|0x0000000086f00000, 0x0000000086f00000, 0x0000000087000000|  0%| F|  |TAMS 0x0000000086f00000, 0x0000000086f00000| Untracked 
| 112|0x0000000087000000, 0x0000000087100000, 0x0000000087100000|100%| O|  |TAMS 0x0000000087000000, 0x0000000087000000| Untracked 
| 113|0x0000000087100000, 0x0000000087200000, 0x0000000087200000|100%| O|  |TAMS 0x0000000087100000, 0x0000000087100000| Untracked 
| 114|0x0000000087200000, 0x0000000087300000, 0x0000000087300000|100%| O|  |TAMS 0x0000000087200000, 0x0000000087200000| Untracked 
| 115|0x0000000087300000, 0x0000000087400000, 0x0000000087400000|100%| O|  |TAMS 0x0000000087300000, 0x0000000087300000| Untracked 
| 116|0x0000000087400000, 0x0000000087400000, 0x0000000087500000|  0%| F|  |TAMS 0x0000000087400000, 0x0000000087400000| Untracked 
| 117|0x0000000087500000, 0x0000000087500000, 0x0000000087600000|  0%| F|  |TAMS 0x0000000087500000, 0x0000000087500000| Untracked 
| 118|0x0000000087600000, 0x0000000087700000, 0x0000000087700000|100%|HS|  |TAMS 0x0000000087600000, 0x0000000087600000| Complete 
| 119|0x0000000087700000, 0x0000000087800000, 0x0000000087800000|100%|HC|  |TAMS 0x0000000087700000, 0x0000000087700000| Complete 
| 120|0x0000000087800000, 0x0000000087900000, 0x0000000087900000|100%| O|  |TAMS 0x0000000087800000, 0x0000000087800000| Untracked 
| 121|0x0000000087900000, 0x0000000087a00000, 0x0000000087a00000|100%| O|  |TAMS 0x0000000087900000, 0x0000000087900000| Untracked 
| 122|0x0000000087a00000, 0x0000000087b00000, 0x0000000087b00000|100%| O|  |TAMS 0x0000000087a00000, 0x0000000087a00000| Untracked 
| 123|0x0000000087b00000, 0x0000000087c00000, 0x0000000087c00000|100%| O|  |TAMS 0x0000000087b00000, 0x0000000087b00000| Untracked 
| 124|0x0000000087c00000, 0x0000000087d00000, 0x0000000087d00000|100%| O|  |TAMS 0x0000000087c00000, 0x0000000087c00000| Untracked 
| 125|0x0000000087d00000, 0x0000000087df5400, 0x0000000087e00000| 95%| O|  |TAMS 0x0000000087d00000, 0x0000000087d00000| Untracked 
| 126|0x0000000087e00000, 0x0000000087f00000, 0x0000000087f00000|100%|HS|  |TAMS 0x0000000087e00000, 0x0000000087e00000| Complete 
| 127|0x0000000087f00000, 0x0000000088000000, 0x0000000088000000|100%|HC|  |TAMS 0x0000000087f00000, 0x0000000087f00000| Complete 
| 128|0x0000000088000000, 0x0000000088000000, 0x0000000088100000|  0%| F|  |TAMS 0x0000000088000000, 0x0000000088000000| Untracked 
| 129|0x0000000088100000, 0x0000000088100000, 0x0000000088200000|  0%| F|  |TAMS 0x0000000088100000, 0x0000000088100000| Untracked 
| 130|0x0000000088200000, 0x0000000088200000, 0x0000000088300000|  0%| F|  |TAMS 0x0000000088200000, 0x0000000088200000| Untracked 
| 131|0x0000000088300000, 0x0000000088300000, 0x0000000088400000|  0%| F|  |TAMS 0x0000000088300000, 0x0000000088300000| Untracked 
| 132|0x0000000088400000, 0x0000000088400000, 0x0000000088500000|  0%| F|  |TAMS 0x0000000088400000, 0x0000000088400000| Untracked 
| 133|0x0000000088500000, 0x0000000088500000, 0x0000000088600000|  0%| F|  |TAMS 0x0000000088500000, 0x0000000088500000| Untracked 
| 134|0x0000000088600000, 0x0000000088600000, 0x0000000088700000|  0%| F|  |TAMS 0x0000000088600000, 0x0000000088600000| Untracked 
| 135|0x0000000088700000, 0x0000000088700000, 0x0000000088800000|  0%| F|  |TAMS 0x0000000088700000, 0x0000000088700000| Untracked 
| 136|0x0000000088800000, 0x0000000088800000, 0x0000000088900000|  0%| F|  |TAMS 0x0000000088800000, 0x0000000088800000| Untracked 
| 137|0x0000000088900000, 0x0000000088900000, 0x0000000088a00000|  0%| F|  |TAMS 0x0000000088900000, 0x0000000088900000| Untracked 
| 138|0x0000000088a00000, 0x0000000088a00000, 0x0000000088b00000|  0%| F|  |TAMS 0x0000000088a00000, 0x0000000088a00000| Untracked 
| 139|0x0000000088b00000, 0x0000000088b00000, 0x0000000088c00000|  0%| F|  |TAMS 0x0000000088b00000, 0x0000000088b00000| Untracked 
| 140|0x0000000088c00000, 0x0000000088c00000, 0x0000000088d00000|  0%| F|  |TAMS 0x0000000088c00000, 0x0000000088c00000| Untracked 
| 141|0x0000000088d00000, 0x0000000088d00000, 0x0000000088e00000|  0%| F|  |TAMS 0x0000000088d00000, 0x0000000088d00000| Untracked 
| 142|0x0000000088e00000, 0x0000000088e00000, 0x0000000088f00000|  0%| F|  |TAMS 0x0000000088e00000, 0x0000000088e00000| Untracked 
| 143|0x0000000088f00000, 0x0000000088f00000, 0x0000000089000000|  0%| F|  |TAMS 0x0000000088f00000, 0x0000000088f00000| Untracked 
| 144|0x0000000089000000, 0x0000000089000000, 0x0000000089100000|  0%| F|  |TAMS 0x0000000089000000, 0x0000000089000000| Untracked 
| 145|0x0000000089100000, 0x0000000089100000, 0x0000000089200000|  0%| F|  |TAMS 0x0000000089100000, 0x0000000089100000| Untracked 
| 146|0x0000000089200000, 0x0000000089200000, 0x0000000089300000|  0%| F|  |TAMS 0x0000000089200000, 0x0000000089200000| Untracked 
| 147|0x0000000089300000, 0x0000000089300000, 0x0000000089400000|  0%| F|  |TAMS 0x0000000089300000, 0x0000000089300000| Untracked 
| 148|0x0000000089400000, 0x0000000089400000, 0x0000000089500000|  0%| F|  |TAMS 0x0000000089400000, 0x0000000089400000| Untracked 
| 149|0x0000000089500000, 0x0000000089500000, 0x0000000089600000|  0%| F|  |TAMS 0x0000000089500000, 0x0000000089500000| Untracked 
| 150|0x0000000089600000, 0x0000000089600000, 0x0000000089700000|  0%| F|  |TAMS 0x0000000089600000, 0x0000000089600000| Untracked 
| 151|0x0000000089700000, 0x0000000089700000, 0x0000000089800000|  0%| F|  |TAMS 0x0000000089700000, 0x0000000089700000| Untracked 
| 152|0x0000000089800000, 0x0000000089800000, 0x0000000089900000|  0%| F|  |TAMS 0x0000000089800000, 0x0000000089800000| Untracked 
| 153|0x0000000089900000, 0x0000000089900000, 0x0000000089a00000|  0%| F|  |TAMS 0x0000000089900000, 0x0000000089900000| Untracked 
| 154|0x0000000089a00000, 0x0000000089a00000, 0x0000000089b00000|  0%| F|  |TAMS 0x0000000089a00000, 0x0000000089a00000| Untracked 
| 155|0x0000000089b00000, 0x0000000089b00000, 0x0000000089c00000|  0%| F|  |TAMS 0x0000000089b00000, 0x0000000089b00000| Untracked 
| 156|0x0000000089c00000, 0x0000000089c00000, 0x0000000089d00000|  0%| F|  |TAMS 0x0000000089c00000, 0x0000000089c00000| Untracked 
| 157|0x0000000089d00000, 0x0000000089d00000, 0x0000000089e00000|  0%| F|  |TAMS 0x0000000089d00000, 0x0000000089d00000| Untracked 
| 158|0x0000000089e00000, 0x0000000089e00000, 0x0000000089f00000|  0%| F|  |TAMS 0x0000000089e00000, 0x0000000089e00000| Untracked 
| 159|0x0000000089f00000, 0x0000000089f00000, 0x000000008a000000|  0%| F|  |TAMS 0x0000000089f00000, 0x0000000089f00000| Untracked 
| 160|0x000000008a000000, 0x000000008a000000, 0x000000008a100000|  0%| F|  |TAMS 0x000000008a000000, 0x000000008a000000| Untracked 
| 161|0x000000008a100000, 0x000000008a100000, 0x000000008a200000|  0%| F|  |TAMS 0x000000008a100000, 0x000000008a100000| Untracked 
| 162|0x000000008a200000, 0x000000008a200000, 0x000000008a300000|  0%| F|  |TAMS 0x000000008a200000, 0x000000008a200000| Untracked 
| 163|0x000000008a300000, 0x000000008a300000, 0x000000008a400000|  0%| F|  |TAMS 0x000000008a300000, 0x000000008a300000| Untracked 
| 164|0x000000008a400000, 0x000000008a400000, 0x000000008a500000|  0%| F|  |TAMS 0x000000008a400000, 0x000000008a400000| Untracked 
| 165|0x000000008a500000, 0x000000008a500000, 0x000000008a600000|  0%| F|  |TAMS 0x000000008a500000, 0x000000008a500000| Untracked 
| 166|0x000000008a600000, 0x000000008a600000, 0x000000008a700000|  0%| F|  |TAMS 0x000000008a600000, 0x000000008a600000| Untracked 
| 167|0x000000008a700000, 0x000000008a700000, 0x000000008a800000|  0%| F|  |TAMS 0x000000008a700000, 0x000000008a700000| Untracked 
| 168|0x000000008a800000, 0x000000008a800000, 0x000000008a900000|  0%| F|  |TAMS 0x000000008a800000, 0x000000008a800000| Untracked 
| 169|0x000000008a900000, 0x000000008a900000, 0x000000008aa00000|  0%| F|  |TAMS 0x000000008a900000, 0x000000008a900000| Untracked 
| 170|0x000000008aa00000, 0x000000008aa00000, 0x000000008ab00000|  0%| F|  |TAMS 0x000000008aa00000, 0x000000008aa00000| Untracked 
| 171|0x000000008ab00000, 0x000000008ab00000, 0x000000008ac00000|  0%| F|  |TAMS 0x000000008ab00000, 0x000000008ab00000| Untracked 
| 172|0x000000008ac00000, 0x000000008ac00000, 0x000000008ad00000|  0%| F|  |TAMS 0x000000008ac00000, 0x000000008ac00000| Untracked 
| 173|0x000000008ad00000, 0x000000008ad00000, 0x000000008ae00000|  0%| F|  |TAMS 0x000000008ad00000, 0x000000008ad00000| Untracked 
| 174|0x000000008ae00000, 0x000000008ae00000, 0x000000008af00000|  0%| F|  |TAMS 0x000000008ae00000, 0x000000008ae00000| Untracked 
| 175|0x000000008af00000, 0x000000008af00000, 0x000000008b000000|  0%| F|  |TAMS 0x000000008af00000, 0x000000008af00000| Untracked 
| 176|0x000000008b000000, 0x000000008b000000, 0x000000008b100000|  0%| F|  |TAMS 0x000000008b000000, 0x000000008b000000| Untracked 
| 177|0x000000008b100000, 0x000000008b100000, 0x000000008b200000|  0%| F|  |TAMS 0x000000008b100000, 0x000000008b100000| Untracked 
| 178|0x000000008b200000, 0x000000008b200000, 0x000000008b300000|  0%| F|  |TAMS 0x000000008b200000, 0x000000008b200000| Untracked 
| 179|0x000000008b300000, 0x000000008b300000, 0x000000008b400000|  0%| F|  |TAMS 0x000000008b300000, 0x000000008b300000| Untracked 
| 180|0x000000008b400000, 0x000000008b400000, 0x000000008b500000|  0%| F|  |TAMS 0x000000008b400000, 0x000000008b400000| Untracked 
| 181|0x000000008b500000, 0x000000008b500000, 0x000000008b600000|  0%| F|  |TAMS 0x000000008b500000, 0x000000008b500000| Untracked 
| 182|0x000000008b600000, 0x000000008b600000, 0x000000008b700000|  0%| F|  |TAMS 0x000000008b600000, 0x000000008b600000| Untracked 
| 183|0x000000008b700000, 0x000000008b700000, 0x000000008b800000|  0%| F|  |TAMS 0x000000008b700000, 0x000000008b700000| Untracked 
| 184|0x000000008b800000, 0x000000008b800000, 0x000000008b900000|  0%| F|  |TAMS 0x000000008b800000, 0x000000008b800000| Untracked 
| 185|0x000000008b900000, 0x000000008b900000, 0x000000008ba00000|  0%| F|  |TAMS 0x000000008b900000, 0x000000008b900000| Untracked 
| 186|0x000000008ba00000, 0x000000008ba00000, 0x000000008bb00000|  0%| F|  |TAMS 0x000000008ba00000, 0x000000008ba00000| Untracked 
| 187|0x000000008bb00000, 0x000000008bb00000, 0x000000008bc00000|  0%| F|  |TAMS 0x000000008bb00000, 0x000000008bb00000| Untracked 
| 188|0x000000008bc00000, 0x000000008bc00000, 0x000000008bd00000|  0%| F|  |TAMS 0x000000008bc00000, 0x000000008bc00000| Untracked 
| 189|0x000000008bd00000, 0x000000008bd00000, 0x000000008be00000|  0%| F|  |TAMS 0x000000008bd00000, 0x000000008bd00000| Untracked 
| 190|0x000000008be00000, 0x000000008be00000, 0x000000008bf00000|  0%| F|  |TAMS 0x000000008be00000, 0x000000008be00000| Untracked 
| 191|0x000000008bf00000, 0x000000008bf00000, 0x000000008c000000|  0%| F|  |TAMS 0x000000008bf00000, 0x000000008bf00000| Untracked 
| 192|0x000000008c000000, 0x000000008c000000, 0x000000008c100000|  0%| F|  |TAMS 0x000000008c000000, 0x000000008c000000| Untracked 
| 193|0x000000008c100000, 0x000000008c100000, 0x000000008c200000|  0%| F|  |TAMS 0x000000008c100000, 0x000000008c100000| Untracked 
| 194|0x000000008c200000, 0x000000008c200000, 0x000000008c300000|  0%| F|  |TAMS 0x000000008c200000, 0x000000008c200000| Untracked 
| 195|0x000000008c300000, 0x000000008c300000, 0x000000008c400000|  0%| F|  |TAMS 0x000000008c300000, 0x000000008c300000| Untracked 
| 196|0x000000008c400000, 0x000000008c400000, 0x000000008c500000|  0%| F|  |TAMS 0x000000008c400000, 0x000000008c400000| Untracked 
| 197|0x000000008c500000, 0x000000008c500000, 0x000000008c600000|  0%| F|  |TAMS 0x000000008c500000, 0x000000008c500000| Untracked 
| 198|0x000000008c600000, 0x000000008c600000, 0x000000008c700000|  0%| F|  |TAMS 0x000000008c600000, 0x000000008c600000| Untracked 
| 199|0x000000008c700000, 0x000000008c700000, 0x000000008c800000|  0%| F|  |TAMS 0x000000008c700000, 0x000000008c700000| Untracked 
| 200|0x000000008c800000, 0x000000008c800000, 0x000000008c900000|  0%| F|  |TAMS 0x000000008c800000, 0x000000008c800000| Untracked 
| 201|0x000000008c900000, 0x000000008c900000, 0x000000008ca00000|  0%| F|  |TAMS 0x000000008c900000, 0x000000008c900000| Untracked 
| 202|0x000000008ca00000, 0x000000008ca00000, 0x000000008cb00000|  0%| F|  |TAMS 0x000000008ca00000, 0x000000008ca00000| Untracked 
| 203|0x000000008cb00000, 0x000000008cb00000, 0x000000008cc00000|  0%| F|  |TAMS 0x000000008cb00000, 0x000000008cb00000| Untracked 
| 204|0x000000008cc00000, 0x000000008cc00000, 0x000000008cd00000|  0%| F|  |TAMS 0x000000008cc00000, 0x000000008cc00000| Untracked 
| 205|0x000000008cd00000, 0x000000008cd00000, 0x000000008ce00000|  0%| F|  |TAMS 0x000000008cd00000, 0x000000008cd00000| Untracked 
| 206|0x000000008ce00000, 0x000000008ce00000, 0x000000008cf00000|  0%| F|  |TAMS 0x000000008ce00000, 0x000000008ce00000| Untracked 
| 207|0x000000008cf00000, 0x000000008cf00000, 0x000000008d000000|  0%| F|  |TAMS 0x000000008cf00000, 0x000000008cf00000| Untracked 
| 208|0x000000008d000000, 0x000000008d000000, 0x000000008d100000|  0%| F|  |TAMS 0x000000008d000000, 0x000000008d000000| Untracked 
| 209|0x000000008d100000, 0x000000008d100000, 0x000000008d200000|  0%| F|  |TAMS 0x000000008d100000, 0x000000008d100000| Untracked 
| 210|0x000000008d200000, 0x000000008d200000, 0x000000008d300000|  0%| F|  |TAMS 0x000000008d200000, 0x000000008d200000| Untracked 
| 211|0x000000008d300000, 0x000000008d300000, 0x000000008d400000|  0%| F|  |TAMS 0x000000008d300000, 0x000000008d300000| Untracked 
| 212|0x000000008d400000, 0x000000008d487f28, 0x000000008d500000| 53%| S|CS|TAMS 0x000000008d400000, 0x000000008d400000| Complete 
| 213|0x000000008d500000, 0x000000008d600000, 0x000000008d600000|100%| S|CS|TAMS 0x000000008d500000, 0x000000008d500000| Complete 
| 214|0x000000008d600000, 0x000000008d700000, 0x000000008d700000|100%| S|CS|TAMS 0x000000008d600000, 0x000000008d600000| Complete 
| 215|0x000000008d700000, 0x000000008d800000, 0x000000008d800000|100%| S|CS|TAMS 0x000000008d700000, 0x000000008d700000| Complete 
| 216|0x000000008d800000, 0x000000008d900000, 0x000000008d900000|100%| S|CS|TAMS 0x000000008d800000, 0x000000008d800000| Complete 
| 217|0x000000008d900000, 0x000000008da00000, 0x000000008da00000|100%| S|CS|TAMS 0x000000008d900000, 0x000000008d900000| Complete 
| 218|0x000000008da00000, 0x000000008db00000, 0x000000008db00000|100%| S|CS|TAMS 0x000000008da00000, 0x000000008da00000| Complete 
| 219|0x000000008db00000, 0x000000008dc00000, 0x000000008dc00000|100%| S|CS|TAMS 0x000000008db00000, 0x000000008db00000| Complete 
| 220|0x000000008dc00000, 0x000000008dd00000, 0x000000008dd00000|100%| S|CS|TAMS 0x000000008dc00000, 0x000000008dc00000| Complete 
| 221|0x000000008dd00000, 0x000000008dd00000, 0x000000008de00000|  0%| F|  |TAMS 0x000000008dd00000, 0x000000008dd00000| Untracked 
| 222|0x000000008de00000, 0x000000008de00000, 0x000000008df00000|  0%| F|  |TAMS 0x000000008de00000, 0x000000008de00000| Untracked 
| 223|0x000000008df00000, 0x000000008df00000, 0x000000008e000000|  0%| F|  |TAMS 0x000000008df00000, 0x000000008df00000| Untracked 
| 224|0x000000008e000000, 0x000000008e000000, 0x000000008e100000|  0%| F|  |TAMS 0x000000008e000000, 0x000000008e000000| Untracked 
| 225|0x000000008e100000, 0x000000008e100000, 0x000000008e200000|  0%| F|  |TAMS 0x000000008e100000, 0x000000008e100000| Untracked 
| 226|0x000000008e200000, 0x000000008e200000, 0x000000008e300000|  0%| F|  |TAMS 0x000000008e200000, 0x000000008e200000| Untracked 
| 227|0x000000008e300000, 0x000000008e300000, 0x000000008e400000|  0%| F|  |TAMS 0x000000008e300000, 0x000000008e300000| Untracked 
| 228|0x000000008e400000, 0x000000008e400000, 0x000000008e500000|  0%| F|  |TAMS 0x000000008e400000, 0x000000008e400000| Untracked 
| 229|0x000000008e500000, 0x000000008e500000, 0x000000008e600000|  0%| F|  |TAMS 0x000000008e500000, 0x000000008e500000| Untracked 
| 230|0x000000008e600000, 0x000000008e600000, 0x000000008e700000|  0%| F|  |TAMS 0x000000008e600000, 0x000000008e600000| Untracked 
| 231|0x000000008e700000, 0x000000008e700000, 0x000000008e800000|  0%| F|  |TAMS 0x000000008e700000, 0x000000008e700000| Untracked 
| 232|0x000000008e800000, 0x000000008e800000, 0x000000008e900000|  0%| F|  |TAMS 0x000000008e800000, 0x000000008e800000| Untracked 
| 233|0x000000008e900000, 0x000000008e900000, 0x000000008ea00000|  0%| F|  |TAMS 0x000000008e900000, 0x000000008e900000| Untracked 
| 234|0x000000008ea00000, 0x000000008ea00000, 0x000000008eb00000|  0%| F|  |TAMS 0x000000008ea00000, 0x000000008ea00000| Untracked 
| 235|0x000000008eb00000, 0x000000008eb00000, 0x000000008ec00000|  0%| F|  |TAMS 0x000000008eb00000, 0x000000008eb00000| Untracked 
| 236|0x000000008ec00000, 0x000000008ec00000, 0x000000008ed00000|  0%| F|  |TAMS 0x000000008ec00000, 0x000000008ec00000| Untracked 
| 237|0x000000008ed00000, 0x000000008ed00000, 0x000000008ee00000|  0%| F|  |TAMS 0x000000008ed00000, 0x000000008ed00000| Untracked 
| 238|0x000000008ee00000, 0x000000008ee00000, 0x000000008ef00000|  0%| F|  |TAMS 0x000000008ee00000, 0x000000008ee00000| Untracked 
| 239|0x000000008ef00000, 0x000000008ef00000, 0x000000008f000000|  0%| F|  |TAMS 0x000000008ef00000, 0x000000008ef00000| Untracked 
| 240|0x000000008f000000, 0x000000008f000000, 0x000000008f100000|  0%| F|  |TAMS 0x000000008f000000, 0x000000008f000000| Untracked 
| 241|0x000000008f100000, 0x000000008f100000, 0x000000008f200000|  0%| F|  |TAMS 0x000000008f100000, 0x000000008f100000| Untracked 
| 242|0x000000008f200000, 0x000000008f200000, 0x000000008f300000|  0%| F|  |TAMS 0x000000008f200000, 0x000000008f200000| Untracked 
| 243|0x000000008f300000, 0x000000008f300000, 0x000000008f400000|  0%| F|  |TAMS 0x000000008f300000, 0x000000008f300000| Untracked 
| 244|0x000000008f400000, 0x000000008f400000, 0x000000008f500000|  0%| F|  |TAMS 0x000000008f400000, 0x000000008f400000| Untracked 
| 245|0x000000008f500000, 0x000000008f500000, 0x000000008f600000|  0%| F|  |TAMS 0x000000008f500000, 0x000000008f500000| Untracked 
| 246|0x000000008f600000, 0x000000008f600000, 0x000000008f700000|  0%| F|  |TAMS 0x000000008f600000, 0x000000008f600000| Untracked 
| 247|0x000000008f700000, 0x000000008f700000, 0x000000008f800000|  0%| F|  |TAMS 0x000000008f700000, 0x000000008f700000| Untracked 
| 248|0x000000008f800000, 0x000000008f800000, 0x000000008f900000|  0%| F|  |TAMS 0x000000008f800000, 0x000000008f800000| Untracked 
| 249|0x000000008f900000, 0x000000008f900000, 0x000000008fa00000|  0%| F|  |TAMS 0x000000008f900000, 0x000000008f900000| Untracked 
| 250|0x000000008fa00000, 0x000000008fa00000, 0x000000008fb00000|  0%| F|  |TAMS 0x000000008fa00000, 0x000000008fa00000| Untracked 
| 251|0x000000008fb00000, 0x000000008fb00000, 0x000000008fc00000|  0%| F|  |TAMS 0x000000008fb00000, 0x000000008fb00000| Untracked 
| 252|0x000000008fc00000, 0x000000008fc00000, 0x000000008fd00000|  0%| F|  |TAMS 0x000000008fc00000, 0x000000008fc00000| Untracked 
| 253|0x000000008fd00000, 0x000000008fd00000, 0x000000008fe00000|  0%| F|  |TAMS 0x000000008fd00000, 0x000000008fd00000| Untracked 
| 254|0x000000008fe00000, 0x000000008fe00000, 0x000000008ff00000|  0%| F|  |TAMS 0x000000008fe00000, 0x000000008fe00000| Untracked 
| 255|0x000000008ff00000, 0x000000008ff00000, 0x0000000090000000|  0%| F|  |TAMS 0x000000008ff00000, 0x000000008ff00000| Untracked 
| 256|0x0000000090000000, 0x0000000090000000, 0x0000000090100000|  0%| F|  |TAMS 0x0000000090000000, 0x0000000090000000| Untracked 
| 257|0x0000000090100000, 0x0000000090100000, 0x0000000090200000|  0%| F|  |TAMS 0x0000000090100000, 0x0000000090100000| Untracked 
| 258|0x0000000090200000, 0x0000000090200000, 0x0000000090300000|  0%| F|  |TAMS 0x0000000090200000, 0x0000000090200000| Untracked 
| 259|0x0000000090300000, 0x0000000090300000, 0x0000000090400000|  0%| F|  |TAMS 0x0000000090300000, 0x0000000090300000| Untracked 
| 260|0x0000000090400000, 0x0000000090400000, 0x0000000090500000|  0%| F|  |TAMS 0x0000000090400000, 0x0000000090400000| Untracked 
| 261|0x0000000090500000, 0x0000000090500000, 0x0000000090600000|  0%| F|  |TAMS 0x0000000090500000, 0x0000000090500000| Untracked 
| 262|0x0000000090600000, 0x0000000090600000, 0x0000000090700000|  0%| F|  |TAMS 0x0000000090600000, 0x0000000090600000| Untracked 
| 263|0x0000000090700000, 0x0000000090700000, 0x0000000090800000|  0%| F|  |TAMS 0x0000000090700000, 0x0000000090700000| Untracked 
| 264|0x0000000090800000, 0x0000000090800000, 0x0000000090900000|  0%| F|  |TAMS 0x0000000090800000, 0x0000000090800000| Untracked 
| 265|0x0000000090900000, 0x0000000090900000, 0x0000000090a00000|  0%| F|  |TAMS 0x0000000090900000, 0x0000000090900000| Untracked 
| 266|0x0000000090a00000, 0x0000000090a00000, 0x0000000090b00000|  0%| F|  |TAMS 0x0000000090a00000, 0x0000000090a00000| Untracked 
| 267|0x0000000090b00000, 0x0000000090b00000, 0x0000000090c00000|  0%| F|  |TAMS 0x0000000090b00000, 0x0000000090b00000| Untracked 
| 268|0x0000000090c00000, 0x0000000090c00000, 0x0000000090d00000|  0%| F|  |TAMS 0x0000000090c00000, 0x0000000090c00000| Untracked 
| 269|0x0000000090d00000, 0x0000000090d00000, 0x0000000090e00000|  0%| F|  |TAMS 0x0000000090d00000, 0x0000000090d00000| Untracked 
| 270|0x0000000090e00000, 0x0000000090e00000, 0x0000000090f00000|  0%| F|  |TAMS 0x0000000090e00000, 0x0000000090e00000| Untracked 
| 271|0x0000000090f00000, 0x0000000090f00000, 0x0000000091000000|  0%| F|  |TAMS 0x0000000090f00000, 0x0000000090f00000| Untracked 
| 272|0x0000000091000000, 0x0000000091000000, 0x0000000091100000|  0%| F|  |TAMS 0x0000000091000000, 0x0000000091000000| Untracked 
| 273|0x0000000091100000, 0x0000000091100000, 0x0000000091200000|  0%| F|  |TAMS 0x0000000091100000, 0x0000000091100000| Untracked 
| 274|0x0000000091200000, 0x0000000091200000, 0x0000000091300000|  0%| F|  |TAMS 0x0000000091200000, 0x0000000091200000| Untracked 
| 275|0x0000000091300000, 0x0000000091300000, 0x0000000091400000|  0%| F|  |TAMS 0x0000000091300000, 0x0000000091300000| Untracked 
| 276|0x0000000091400000, 0x0000000091400000, 0x0000000091500000|  0%| F|  |TAMS 0x0000000091400000, 0x0000000091400000| Untracked 
| 277|0x0000000091500000, 0x0000000091500000, 0x0000000091600000|  0%| F|  |TAMS 0x0000000091500000, 0x0000000091500000| Untracked 
| 278|0x0000000091600000, 0x0000000091600000, 0x0000000091700000|  0%| F|  |TAMS 0x0000000091600000, 0x0000000091600000| Untracked 
| 279|0x0000000091700000, 0x0000000091700000, 0x0000000091800000|  0%| F|  |TAMS 0x0000000091700000, 0x0000000091700000| Untracked 
| 280|0x0000000091800000, 0x0000000091800000, 0x0000000091900000|  0%| F|  |TAMS 0x0000000091800000, 0x0000000091800000| Untracked 
| 281|0x0000000091900000, 0x0000000091900000, 0x0000000091a00000|  0%| F|  |TAMS 0x0000000091900000, 0x0000000091900000| Untracked 
| 282|0x0000000091a00000, 0x0000000091a00000, 0x0000000091b00000|  0%| F|  |TAMS 0x0000000091a00000, 0x0000000091a00000| Untracked 
| 283|0x0000000091b00000, 0x0000000091b00000, 0x0000000091c00000|  0%| F|  |TAMS 0x0000000091b00000, 0x0000000091b00000| Untracked 
| 284|0x0000000091c00000, 0x0000000091c00000, 0x0000000091d00000|  0%| F|  |TAMS 0x0000000091c00000, 0x0000000091c00000| Untracked 
| 285|0x0000000091d00000, 0x0000000091d00000, 0x0000000091e00000|  0%| F|  |TAMS 0x0000000091d00000, 0x0000000091d00000| Untracked 
| 286|0x0000000091e00000, 0x0000000091e00000, 0x0000000091f00000|  0%| F|  |TAMS 0x0000000091e00000, 0x0000000091e00000| Untracked 
| 287|0x0000000091f00000, 0x0000000091f00000, 0x0000000092000000|  0%| F|  |TAMS 0x0000000091f00000, 0x0000000091f00000| Untracked 
| 288|0x0000000092000000, 0x0000000092000000, 0x0000000092100000|  0%| F|  |TAMS 0x0000000092000000, 0x0000000092000000| Untracked 
| 289|0x0000000092100000, 0x0000000092100000, 0x0000000092200000|  0%| F|  |TAMS 0x0000000092100000, 0x0000000092100000| Untracked 
| 290|0x0000000092200000, 0x0000000092200000, 0x0000000092300000|  0%| F|  |TAMS 0x0000000092200000, 0x0000000092200000| Untracked 
| 291|0x0000000092300000, 0x0000000092300000, 0x0000000092400000|  0%| F|  |TAMS 0x0000000092300000, 0x0000000092300000| Untracked 
| 292|0x0000000092400000, 0x0000000092400000, 0x0000000092500000|  0%| F|  |TAMS 0x0000000092400000, 0x0000000092400000| Untracked 
| 293|0x0000000092500000, 0x0000000092500000, 0x0000000092600000|  0%| F|  |TAMS 0x0000000092500000, 0x0000000092500000| Untracked 
| 294|0x0000000092600000, 0x0000000092600000, 0x0000000092700000|  0%| F|  |TAMS 0x0000000092600000, 0x0000000092600000| Untracked 
| 295|0x0000000092700000, 0x0000000092700000, 0x0000000092800000|  0%| F|  |TAMS 0x0000000092700000, 0x0000000092700000| Untracked 
| 296|0x0000000092800000, 0x0000000092800000, 0x0000000092900000|  0%| F|  |TAMS 0x0000000092800000, 0x0000000092800000| Untracked 
| 297|0x0000000092900000, 0x0000000092900000, 0x0000000092a00000|  0%| F|  |TAMS 0x0000000092900000, 0x0000000092900000| Untracked 
| 298|0x0000000092a00000, 0x0000000092a00000, 0x0000000092b00000|  0%| F|  |TAMS 0x0000000092a00000, 0x0000000092a00000| Untracked 
| 299|0x0000000092b00000, 0x0000000092b00000, 0x0000000092c00000|  0%| F|  |TAMS 0x0000000092b00000, 0x0000000092b00000| Untracked 
| 300|0x0000000092c00000, 0x0000000092c00000, 0x0000000092d00000|  0%| F|  |TAMS 0x0000000092c00000, 0x0000000092c00000| Untracked 
| 301|0x0000000092d00000, 0x0000000092d00000, 0x0000000092e00000|  0%| F|  |TAMS 0x0000000092d00000, 0x0000000092d00000| Untracked 
| 302|0x0000000092e00000, 0x0000000092e00000, 0x0000000092f00000|  0%| F|  |TAMS 0x0000000092e00000, 0x0000000092e00000| Untracked 
| 303|0x0000000092f00000, 0x0000000092f00000, 0x0000000093000000|  0%| F|  |TAMS 0x0000000092f00000, 0x0000000092f00000| Untracked 
| 304|0x0000000093000000, 0x0000000093000000, 0x0000000093100000|  0%| F|  |TAMS 0x0000000093000000, 0x0000000093000000| Untracked 
| 305|0x0000000093100000, 0x0000000093100000, 0x0000000093200000|  0%| F|  |TAMS 0x0000000093100000, 0x0000000093100000| Untracked 
| 306|0x0000000093200000, 0x0000000093200000, 0x0000000093300000|  0%| F|  |TAMS 0x0000000093200000, 0x0000000093200000| Untracked 
| 307|0x0000000093300000, 0x0000000093300000, 0x0000000093400000|  0%| F|  |TAMS 0x0000000093300000, 0x0000000093300000| Untracked 
| 308|0x0000000093400000, 0x0000000093400000, 0x0000000093500000|  0%| F|  |TAMS 0x0000000093400000, 0x0000000093400000| Untracked 
| 309|0x0000000093500000, 0x0000000093500000, 0x0000000093600000|  0%| F|  |TAMS 0x0000000093500000, 0x0000000093500000| Untracked 
| 310|0x0000000093600000, 0x0000000093600000, 0x0000000093700000|  0%| F|  |TAMS 0x0000000093600000, 0x0000000093600000| Untracked 
| 311|0x0000000093700000, 0x0000000093700000, 0x0000000093800000|  0%| F|  |TAMS 0x0000000093700000, 0x0000000093700000| Untracked 
| 312|0x0000000093800000, 0x0000000093800000, 0x0000000093900000|  0%| F|  |TAMS 0x0000000093800000, 0x0000000093800000| Untracked 
| 313|0x0000000093900000, 0x0000000093900000, 0x0000000093a00000|  0%| F|  |TAMS 0x0000000093900000, 0x0000000093900000| Untracked 
| 314|0x0000000093a00000, 0x0000000093a00000, 0x0000000093b00000|  0%| F|  |TAMS 0x0000000093a00000, 0x0000000093a00000| Untracked 
| 315|0x0000000093b00000, 0x0000000093b00000, 0x0000000093c00000|  0%| F|  |TAMS 0x0000000093b00000, 0x0000000093b00000| Untracked 
| 316|0x0000000093c00000, 0x0000000093c00000, 0x0000000093d00000|  0%| F|  |TAMS 0x0000000093c00000, 0x0000000093c00000| Untracked 
| 317|0x0000000093d00000, 0x0000000093d00000, 0x0000000093e00000|  0%| F|  |TAMS 0x0000000093d00000, 0x0000000093d00000| Untracked 
| 318|0x0000000093e00000, 0x0000000093e00000, 0x0000000093f00000|  0%| F|  |TAMS 0x0000000093e00000, 0x0000000093e00000| Untracked 
| 319|0x0000000093f00000, 0x0000000093f00000, 0x0000000094000000|  0%| F|  |TAMS 0x0000000093f00000, 0x0000000093f00000| Untracked 
| 320|0x0000000094000000, 0x0000000094000000, 0x0000000094100000|  0%| F|  |TAMS 0x0000000094000000, 0x0000000094000000| Untracked 
| 321|0x0000000094100000, 0x0000000094100000, 0x0000000094200000|  0%| F|  |TAMS 0x0000000094100000, 0x0000000094100000| Untracked 
| 322|0x0000000094200000, 0x0000000094200000, 0x0000000094300000|  0%| F|  |TAMS 0x0000000094200000, 0x0000000094200000| Untracked 
| 323|0x0000000094300000, 0x0000000094300000, 0x0000000094400000|  0%| F|  |TAMS 0x0000000094300000, 0x0000000094300000| Untracked 
| 324|0x0000000094400000, 0x0000000094400000, 0x0000000094500000|  0%| F|  |TAMS 0x0000000094400000, 0x0000000094400000| Untracked 
| 325|0x0000000094500000, 0x0000000094500000, 0x0000000094600000|  0%| F|  |TAMS 0x0000000094500000, 0x0000000094500000| Untracked 
| 326|0x0000000094600000, 0x0000000094600000, 0x0000000094700000|  0%| F|  |TAMS 0x0000000094600000, 0x0000000094600000| Untracked 
| 327|0x0000000094700000, 0x0000000094700000, 0x0000000094800000|  0%| F|  |TAMS 0x0000000094700000, 0x0000000094700000| Untracked 
| 328|0x0000000094800000, 0x0000000094800000, 0x0000000094900000|  0%| F|  |TAMS 0x0000000094800000, 0x0000000094800000| Untracked 
| 329|0x0000000094900000, 0x0000000094900000, 0x0000000094a00000|  0%| F|  |TAMS 0x0000000094900000, 0x0000000094900000| Untracked 
| 330|0x0000000094a00000, 0x0000000094a00000, 0x0000000094b00000|  0%| F|  |TAMS 0x0000000094a00000, 0x0000000094a00000| Untracked 
| 331|0x0000000094b00000, 0x0000000094b00000, 0x0000000094c00000|  0%| F|  |TAMS 0x0000000094b00000, 0x0000000094b00000| Untracked 
| 332|0x0000000094c00000, 0x0000000094c00000, 0x0000000094d00000|  0%| F|  |TAMS 0x0000000094c00000, 0x0000000094c00000| Untracked 
| 333|0x0000000094d00000, 0x0000000094d00000, 0x0000000094e00000|  0%| F|  |TAMS 0x0000000094d00000, 0x0000000094d00000| Untracked 
| 334|0x0000000094e00000, 0x0000000094e00000, 0x0000000094f00000|  0%| F|  |TAMS 0x0000000094e00000, 0x0000000094e00000| Untracked 
| 335|0x0000000094f00000, 0x0000000094f00000, 0x0000000095000000|  0%| F|  |TAMS 0x0000000094f00000, 0x0000000094f00000| Untracked 
| 336|0x0000000095000000, 0x0000000095000000, 0x0000000095100000|  0%| F|  |TAMS 0x0000000095000000, 0x0000000095000000| Untracked 
| 337|0x0000000095100000, 0x0000000095100000, 0x0000000095200000|  0%| F|  |TAMS 0x0000000095100000, 0x0000000095100000| Untracked 
| 338|0x0000000095200000, 0x0000000095200000, 0x0000000095300000|  0%| F|  |TAMS 0x0000000095200000, 0x0000000095200000| Untracked 
| 339|0x0000000095300000, 0x0000000095300000, 0x0000000095400000|  0%| F|  |TAMS 0x0000000095300000, 0x0000000095300000| Untracked 
| 340|0x0000000095400000, 0x0000000095400000, 0x0000000095500000|  0%| F|  |TAMS 0x0000000095400000, 0x0000000095400000| Untracked 
| 341|0x0000000095500000, 0x0000000095500000, 0x0000000095600000|  0%| F|  |TAMS 0x0000000095500000, 0x0000000095500000| Untracked 
| 342|0x0000000095600000, 0x0000000095600000, 0x0000000095700000|  0%| F|  |TAMS 0x0000000095600000, 0x0000000095600000| Untracked 
| 343|0x0000000095700000, 0x0000000095700000, 0x0000000095800000|  0%| F|  |TAMS 0x0000000095700000, 0x0000000095700000| Untracked 
| 344|0x0000000095800000, 0x0000000095800000, 0x0000000095900000|  0%| F|  |TAMS 0x0000000095800000, 0x0000000095800000| Untracked 
| 345|0x0000000095900000, 0x0000000095900000, 0x0000000095a00000|  0%| F|  |TAMS 0x0000000095900000, 0x0000000095900000| Untracked 
| 346|0x0000000095a00000, 0x0000000095a00000, 0x0000000095b00000|  0%| F|  |TAMS 0x0000000095a00000, 0x0000000095a00000| Untracked 
| 347|0x0000000095b00000, 0x0000000095b00000, 0x0000000095c00000|  0%| F|  |TAMS 0x0000000095b00000, 0x0000000095b00000| Untracked 
| 348|0x0000000095c00000, 0x0000000095c00000, 0x0000000095d00000|  0%| F|  |TAMS 0x0000000095c00000, 0x0000000095c00000| Untracked 
| 349|0x0000000095d00000, 0x0000000095d00000, 0x0000000095e00000|  0%| F|  |TAMS 0x0000000095d00000, 0x0000000095d00000| Untracked 
| 350|0x0000000095e00000, 0x0000000095e00000, 0x0000000095f00000|  0%| F|  |TAMS 0x0000000095e00000, 0x0000000095e00000| Untracked 
| 351|0x0000000095f00000, 0x0000000095f00000, 0x0000000096000000|  0%| F|  |TAMS 0x0000000095f00000, 0x0000000095f00000| Untracked 
| 352|0x0000000096000000, 0x0000000096000000, 0x0000000096100000|  0%| F|  |TAMS 0x0000000096000000, 0x0000000096000000| Untracked 
| 353|0x0000000096100000, 0x0000000096100000, 0x0000000096200000|  0%| F|  |TAMS 0x0000000096100000, 0x0000000096100000| Untracked 
| 354|0x0000000096200000, 0x0000000096200000, 0x0000000096300000|  0%| F|  |TAMS 0x0000000096200000, 0x0000000096200000| Untracked 
| 355|0x0000000096300000, 0x0000000096300000, 0x0000000096400000|  0%| F|  |TAMS 0x0000000096300000, 0x0000000096300000| Untracked 